  File "get_data.py", line 25
    da={}
        ^
TabError: inconsistent use of tabs and spaces in indentation
第1组成功	当前进度1/1806	 成功: 0 	 失败: 0
第2组成功	当前进度2/1806	 成功: 1 	 失败: 0
第3组成功	当前进度3/1806	 成功: 2 	 失败: 0
第4组成功	当前进度4/1806	 成功: 3 	 失败: 0
第5组成功	当前进度5/1806	 成功: 4 	 失败: 0
第6组成功	当前进度6/1806	 成功: 5 	 失败: 0
第7组成功	当前进度7/1806	 成功: 6 	 失败: 0
第8组成功	当前进度8/1806	 成功: 7 	 失败: 0
第9组成功	当前进度9/1806	 成功: 8 	 失败: 0
第10组成功	当前进度10/1806	 成功: 9 	 失败: 0
第11组成功	当前进度11/1806	 成功: 10 	 失败: 0
第12组成功	当前进度12/1806	 成功: 11 	 失败: 0
第13组成功	当前进度13/1806	 成功: 12 	 失败: 0
第14组成功	当前进度14/1806	 成功: 13 	 失败: 0
第15组成功	当前进度15/1806	 成功: 14 	 失败: 0
第16组成功	当前进度16/1806	 成功: 15 	 失败: 0
第17组成功	当前进度17/1806	 成功: 16 	 失败: 0
第18组成功	当前进度18/1806	 成功: 17 	 失败: 0
第19组成功	当前进度19/1806	 成功: 18 	 失败: 0
第20组成功	当前进度20/1806	 成功: 19 	 失败: 0
第21组成功	当前进度21/1806	 成功: 20 	 失败: 0
第22组成功	当前进度22/1806	 成功: 21 	 失败: 0
第23组成功	当前进度23/1806	 成功: 22 	 失败: 0
第24组成功	当前进度24/1806	 成功: 23 	 失败: 0
第25组成功	当前进度25/1806	 成功: 24 	 失败: 0
第26组成功	当前进度26/1806	 成功: 25 	 失败: 0
第27组成功	当前进度27/1806	 成功: 26 	 失败: 0
第28组失败	当前进度28/1806	 成功: 27 	 失败: 0
第29组失败	当前进度29/1806	 成功: 27 	 失败: 1
第30组失败	当前进度30/1806	 成功: 27 	 失败: 2
第31组失败	当前进度31/1806	 成功: 27 	 失败: 3
第32组成功	当前进度32/1806	 成功: 27 	 失败: 4
第33组成功	当前进度33/1806	 成功: 28 	 失败: 4
第34组成功	当前进度34/1806	 成功: 29 	 失败: 4
第35组成功	当前进度35/1806	 成功: 30 	 失败: 4
第36组失败	当前进度36/1806	 成功: 31 	 失败: 4
第37组成功	当前进度37/1806	 成功: 31 	 失败: 5
第38组失败	当前进度38/1806	 成功: 32 	 失败: 5
第39组失败	当前进度39/1806	 成功: 32 	 失败: 6
第40组失败	当前进度40/1806	 成功: 32 	 失败: 7
第41组失败	当前进度41/1806	 成功: 32 	 失败: 8
第42组失败	当前进度42/1806	 成功: 32 	 失败: 9
第43组成功	当前进度43/1806	 成功: 32 	 失败: 10
第44组成功	当前进度44/1806	 成功: 33 	 失败: 10
第45组失败	当前进度45/1806	 成功: 34 	 失败: 10
第46组成功	当前进度46/1806	 成功: 34 	 失败: 11
第47组失败	当前进度47/1806	 成功: 35 	 失败: 11
第48组失败	当前进度48/1806	 成功: 35 	 失败: 12
第49组失败	当前进度49/1806	 成功: 35 	 失败: 13
第50组失败	当前进度50/1806	 成功: 35 	 失败: 14
第51组成功	当前进度51/1806	 成功: 35 	 失败: 15
第52组成功	当前进度52/1806	 成功: 36 	 失败: 15
第53组成功	当前进度53/1806	 成功: 37 	 失败: 15
第54组成功	当前进度54/1806	 成功: 38 	 失败: 15
第55组成功	当前进度55/1806	 成功: 39 	 失败: 15
第56组成功	当前进度56/1806	 成功: 40 	 失败: 15
第57组成功	当前进度57/1806	 成功: 41 	 失败: 15
第58组成功	当前进度58/1806	 成功: 42 	 失败: 15
第59组成功	当前进度59/1806	 成功: 43 	 失败: 15
第60组成功	当前进度60/1806	 成功: 44 	 失败: 15
第61组成功	当前进度61/1806	 成功: 45 	 失败: 15
第62组成功	当前进度62/1806	 成功: 46 	 失败: 15
第63组成功	当前进度63/1806	 成功: 47 	 失败: 15
第64组成功	当前进度64/1806	 成功: 48 	 失败: 15
第65组成功	当前进度65/1806	 成功: 49 	 失败: 15
第66组成功	当前进度66/1806	 成功: 50 	 失败: 15
第67组失败	当前进度67/1806	 成功: 51 	 失败: 15
第68组成功	当前进度68/1806	 成功: 51 	 失败: 16
第69组失败	当前进度69/1806	 成功: 52 	 失败: 16
第70组成功	当前进度70/1806	 成功: 52 	 失败: 17
第71组成功	当前进度71/1806	 成功: 53 	 失败: 17
第72组成功	当前进度72/1806	 成功: 54 	 失败: 17
第73组成功	当前进度73/1806	 成功: 55 	 失败: 17
第74组失败	当前进度74/1806	 成功: 56 	 失败: 17
第75组失败	当前进度75/1806	 成功: 56 	 失败: 18
第76组失败	当前进度76/1806	 成功: 56 	 失败: 19
第77组失败	当前进度77/1806	 成功: 56 	 失败: 20
第78组失败	当前进度78/1806	 成功: 56 	 失败: 21
第79组失败	当前进度79/1806	 成功: 56 	 失败: 22
第80组失败	当前进度80/1806	 成功: 56 	 失败: 23
第81组失败	当前进度81/1806	 成功: 56 	 失败: 24
第82组失败	当前进度82/1806	 成功: 56 	 失败: 25
第83组失败	当前进度83/1806	 成功: 56 	 失败: 26
第84组失败	当前进度84/1806	 成功: 56 	 失败: 27
第85组失败	当前进度85/1806	 成功: 56 	 失败: 28
第86组失败	当前进度86/1806	 成功: 56 	 失败: 29
第87组成功	当前进度87/1806	 成功: 56 	 失败: 30
第88组成功	当前进度88/1806	 成功: 57 	 失败: 30
第89组成功	当前进度89/1806	 成功: 58 	 失败: 30
第90组成功	当前进度90/1806	 成功: 59 	 失败: 30
第91组成功	当前进度91/1806	 成功: 60 	 失败: 30
第92组成功	当前进度92/1806	 成功: 61 	 失败: 30
第93组失败	当前进度93/1806	 成功: 62 	 失败: 30
第94组失败	当前进度94/1806	 成功: 62 	 失败: 31
第95组成功	当前进度95/1806	 成功: 62 	 失败: 32
第96组成功	当前进度96/1806	 成功: 63 	 失败: 32
第97组成功	当前进度97/1806	 成功: 64 	 失败: 32
第98组成功	当前进度98/1806	 成功: 65 	 失败: 32
第99组成功	当前进度99/1806	 成功: 66 	 失败: 32
第100组成功	当前进度100/1806	 成功: 67 	 失败: 32
第101组成功	当前进度101/1806	 成功: 68 	 失败: 32
第102组成功	当前进度102/1806	 成功: 69 	 失败: 32
第103组成功	当前进度103/1806	 成功: 70 	 失败: 32
第104组成功	当前进度104/1806	 成功: 71 	 失败: 32
第105组失败	当前进度105/1806	 成功: 72 	 失败: 32
第106组成功	当前进度106/1806	 成功: 72 	 失败: 33
第107组成功	当前进度107/1806	 成功: 73 	 失败: 33
第108组成功	当前进度108/1806	 成功: 74 	 失败: 33
第109组失败	当前进度109/1806	 成功: 75 	 失败: 33
第110组失败	当前进度110/1806	 成功: 75 	 失败: 34
第111组失败	当前进度111/1806	 成功: 75 	 失败: 35
第112组失败	当前进度112/1806	 成功: 75 	 失败: 36
第113组失败	当前进度113/1806	 成功: 75 	 失败: 37
第114组失败	当前进度114/1806	 成功: 75 	 失败: 38
第115组失败	当前进度115/1806	 成功: 75 	 失败: 39
第116组失败	当前进度116/1806	 成功: 75 	 失败: 40
第117组失败	当前进度117/1806	 成功: 75 	 失败: 41
第118组失败	当前进度118/1806	 成功: 75 	 失败: 42
第119组失败	当前进度119/1806	 成功: 75 	 失败: 43
第120组失败	当前进度120/1806	 成功: 75 	 失败: 44
第121组失败	当前进度121/1806	 成功: 75 	 失败: 45
第122组失败	当前进度122/1806	 成功: 75 	 失败: 46
第123组失败	当前进度123/1806	 成功: 75 	 失败: 47
第124组失败	当前进度124/1806	 成功: 75 	 失败: 48
第125组成功	当前进度125/1806	 成功: 75 	 失败: 49
第126组成功	当前进度126/1806	 成功: 76 	 失败: 49
第127组失败	当前进度127/1806	 成功: 77 	 失败: 49
第128组失败	当前进度128/1806	 成功: 77 	 失败: 50
第129组失败	当前进度129/1806	 成功: 77 	 失败: 51
第130组失败	当前进度130/1806	 成功: 77 	 失败: 52
第131组失败	当前进度131/1806	 成功: 77 	 失败: 53
第132组失败	当前进度132/1806	 成功: 77 	 失败: 54
第133组失败	当前进度133/1806	 成功: 77 	 失败: 55
第134组失败	当前进度134/1806	 成功: 77 	 失败: 56
第135组失败	当前进度135/1806	 成功: 77 	 失败: 57
第136组失败	当前进度136/1806	 成功: 77 	 失败: 58
第137组失败	当前进度137/1806	 成功: 77 	 失败: 59
第138组失败	当前进度138/1806	 成功: 77 	 失败: 60
第139组失败	当前进度139/1806	 成功: 77 	 失败: 61
第140组失败	当前进度140/1806	 成功: 77 	 失败: 62
第141组失败	当前进度141/1806	 成功: 77 	 失败: 63
第142组失败	当前进度142/1806	 成功: 77 	 失败: 64
第143组失败	当前进度143/1806	 成功: 77 	 失败: 65
第144组失败	当前进度144/1806	 成功: 77 	 失败: 66
第145组成功	当前进度145/1806	 成功: 77 	 失败: 67
第146组成功	当前进度146/1806	 成功: 78 	 失败: 67
第147组成功	当前进度147/1806	 成功: 79 	 失败: 67
第148组失败	当前进度148/1806	 成功: 80 	 失败: 67
第149组成功	当前进度149/1806	 成功: 80 	 失败: 68
第150组失败	当前进度150/1806	 成功: 81 	 失败: 68
第151组成功	当前进度151/1806	 成功: 81 	 失败: 69
第152组成功	当前进度152/1806	 成功: 82 	 失败: 69
第153组失败	当前进度153/1806	 成功: 83 	 失败: 69
第154组失败	当前进度154/1806	 成功: 83 	 失败: 70
第155组失败	当前进度155/1806	 成功: 83 	 失败: 71
第156组失败	当前进度156/1806	 成功: 83 	 失败: 72
第157组失败	当前进度157/1806	 成功: 83 	 失败: 73
第158组失败	当前进度158/1806	 成功: 83 	 失败: 74
第159组失败	当前进度159/1806	 成功: 83 	 失败: 75
第160组成功	当前进度160/1806	 成功: 83 	 失败: 76
第161组成功	当前进度161/1806	 成功: 84 	 失败: 76
第162组失败	当前进度162/1806	 成功: 85 	 失败: 76
第163组成功	当前进度163/1806	 成功: 85 	 失败: 77
第164组失败	当前进度164/1806	 成功: 86 	 失败: 77
第165组失败	当前进度165/1806	 成功: 86 	 失败: 78
第166组成功	当前进度166/1806	 成功: 86 	 失败: 79
第167组失败	当前进度167/1806	 成功: 87 	 失败: 79
第168组失败	当前进度168/1806	 成功: 87 	 失败: 80
第169组成功	当前进度169/1806	 成功: 87 	 失败: 81
第170组失败	当前进度170/1806	 成功: 88 	 失败: 81
第171组失败	当前进度171/1806	 成功: 88 	 失败: 82
第172组失败	当前进度172/1806	 成功: 88 	 失败: 83
第173组失败	当前进度173/1806	 成功: 88 	 失败: 84
第174组成功	当前进度174/1806	 成功: 88 	 失败: 85
第175组失败	当前进度175/1806	 成功: 89 	 失败: 85
第176组失败	当前进度176/1806	 成功: 89 	 失败: 86
第177组失败	当前进度177/1806	 成功: 89 	 失败: 87
第178组失败	当前进度178/1806	 成功: 89 	 失败: 88
第179组失败	当前进度179/1806	 成功: 89 	 失败: 89
第180组失败	当前进度180/1806	 成功: 89 	 失败: 90
第181组失败	当前进度181/1806	 成功: 89 	 失败: 91
第182组失败	当前进度182/1806	 成功: 89 	 失败: 92
第183组失败	当前进度183/1806	 成功: 89 	 失败: 93
第184组失败	当前进度184/1806	 成功: 89 	 失败: 94
第185组失败	当前进度185/1806	 成功: 89 	 失败: 95
第186组失败	当前进度186/1806	 成功: 89 	 失败: 96
第187组失败	当前进度187/1806	 成功: 89 	 失败: 97
第188组失败	当前进度188/1806	 成功: 89 	 失败: 98
第189组失败	当前进度189/1806	 成功: 89 	 失败: 99
第190组成功	当前进度190/1806	 成功: 89 	 失败: 100
第191组失败	当前进度191/1806	 成功: 90 	 失败: 100
第192组失败	当前进度192/1806	 成功: 90 	 失败: 101
第193组成功	当前进度193/1806	 成功: 90 	 失败: 102
第194组成功	当前进度194/1806	 成功: 91 	 失败: 102
第195组失败	当前进度195/1806	 成功: 92 	 失败: 102
第196组失败	当前进度196/1806	 成功: 92 	 失败: 103
第197组失败	当前进度197/1806	 成功: 92 	 失败: 104
第198组成功	当前进度198/1806	 成功: 92 	 失败: 105
第199组失败	当前进度199/1806	 成功: 93 	 失败: 105
第200组失败	当前进度200/1806	 成功: 93 	 失败: 106
第201组失败	当前进度201/1806	 成功: 93 	 失败: 107
第202组成功	当前进度202/1806	 成功: 93 	 失败: 108
第203组失败	当前进度203/1806	 成功: 94 	 失败: 108
第204组成功	当前进度204/1806	 成功: 94 	 失败: 109
第205组成功	当前进度205/1806	 成功: 95 	 失败: 109
第206组成功	当前进度206/1806	 成功: 96 	 失败: 109
第207组成功	当前进度207/1806	 成功: 97 	 失败: 109
第208组成功	当前进度208/1806	 成功: 98 	 失败: 109
第209组成功	当前进度209/1806	 成功: 99 	 失败: 109
第210组失败	当前进度210/1806	 成功: 100 	 失败: 109
第211组失败	当前进度211/1806	 成功: 100 	 失败: 110
第212组失败	当前进度212/1806	 成功: 100 	 失败: 111
第213组失败	当前进度213/1806	 成功: 100 	 失败: 112
第214组失败	当前进度214/1806	 成功: 100 	 失败: 113
第215组失败	当前进度215/1806	 成功: 100 	 失败: 114
第216组成功	当前进度216/1806	 成功: 100 	 失败: 115
第217组成功	当前进度217/1806	 成功: 101 	 失败: 115
第218组失败	当前进度218/1806	 成功: 102 	 失败: 115
第219组失败	当前进度219/1806	 成功: 102 	 失败: 116
第220组失败	当前进度220/1806	 成功: 102 	 失败: 117
第221组失败	当前进度221/1806	 成功: 102 	 失败: 118
第222组失败	当前进度222/1806	 成功: 102 	 失败: 119
第223组失败	当前进度223/1806	 成功: 102 	 失败: 120
第224组失败	当前进度224/1806	 成功: 102 	 失败: 121
第225组失败	当前进度225/1806	 成功: 102 	 失败: 122
第226组失败	当前进度226/1806	 成功: 102 	 失败: 123
第227组失败	当前进度227/1806	 成功: 102 	 失败: 124
第228组失败	当前进度228/1806	 成功: 102 	 失败: 125
第229组失败	当前进度229/1806	 成功: 102 	 失败: 126
第230组成功	当前进度230/1806	 成功: 102 	 失败: 127
第231组成功	当前进度231/1806	 成功: 103 	 失败: 127
第232组成功	当前进度232/1806	 成功: 104 	 失败: 127
第233组成功	当前进度233/1806	 成功: 105 	 失败: 127
第234组失败	当前进度234/1806	 成功: 106 	 失败: 127
第235组失败	当前进度235/1806	 成功: 106 	 失败: 128
第236组失败	当前进度236/1806	 成功: 106 	 失败: 129
第237组失败	当前进度237/1806	 成功: 106 	 失败: 130
第238组失败	当前进度238/1806	 成功: 106 	 失败: 131
第239组失败	当前进度239/1806	 成功: 106 	 失败: 132
第240组失败	当前进度240/1806	 成功: 106 	 失败: 133
第241组失败	当前进度241/1806	 成功: 106 	 失败: 134
第242组失败	当前进度242/1806	 成功: 106 	 失败: 135
第243组失败	当前进度243/1806	 成功: 106 	 失败: 136
第244组失败	当前进度244/1806	 成功: 106 	 失败: 137
第245组失败	当前进度245/1806	 成功: 106 	 失败: 138
第246组失败	当前进度246/1806	 成功: 106 	 失败: 139
第247组失败	当前进度247/1806	 成功: 106 	 失败: 140
第248组失败	当前进度248/1806	 成功: 106 	 失败: 141
第249组失败	当前进度249/1806	 成功: 106 	 失败: 142
第250组失败	当前进度250/1806	 成功: 106 	 失败: 143
第251组失败	当前进度251/1806	 成功: 106 	 失败: 144
第252组失败	当前进度252/1806	 成功: 106 	 失败: 145
第253组失败	当前进度253/1806	 成功: 106 	 失败: 146
第254组失败	当前进度254/1806	 成功: 106 	 失败: 147
第255组失败	当前进度255/1806	 成功: 106 	 失败: 148
第256组失败	当前进度256/1806	 成功: 106 	 失败: 149
第257组失败	当前进度257/1806	 成功: 106 	 失败: 150
第258组失败	当前进度258/1806	 成功: 106 	 失败: 151
第259组失败	当前进度259/1806	 成功: 106 	 失败: 152
第260组失败	当前进度260/1806	 成功: 106 	 失败: 153
第261组失败	当前进度261/1806	 成功: 106 	 失败: 154
第262组失败	当前进度262/1806	 成功: 106 	 失败: 155
第263组失败	当前进度263/1806	 成功: 106 	 失败: 156
第264组失败	当前进度264/1806	 成功: 106 	 失败: 157
第265组失败	当前进度265/1806	 成功: 106 	 失败: 158
第266组失败	当前进度266/1806	 成功: 106 	 失败: 159
第267组失败	当前进度267/1806	 成功: 106 	 失败: 160
第268组失败	当前进度268/1806	 成功: 106 	 失败: 161
第269组失败	当前进度269/1806	 成功: 106 	 失败: 162
第270组失败	当前进度270/1806	 成功: 106 	 失败: 163
第271组失败	当前进度271/1806	 成功: 106 	 失败: 164
第272组失败	当前进度272/1806	 成功: 106 	 失败: 165
第273组失败	当前进度273/1806	 成功: 106 	 失败: 166
第274组失败	当前进度274/1806	 成功: 106 	 失败: 167
第275组失败	当前进度275/1806	 成功: 106 	 失败: 168
第276组失败	当前进度276/1806	 成功: 106 	 失败: 169
第277组失败	当前进度277/1806	 成功: 106 	 失败: 170
第278组失败	当前进度278/1806	 成功: 106 	 失败: 171
第279组失败	当前进度279/1806	 成功: 106 	 失败: 172
第280组失败	当前进度280/1806	 成功: 106 	 失败: 173
第281组失败	当前进度281/1806	 成功: 106 	 失败: 174
第282组失败	当前进度282/1806	 成功: 106 	 失败: 175
第283组失败	当前进度283/1806	 成功: 106 	 失败: 176
第284组失败	当前进度284/1806	 成功: 106 	 失败: 177
第285组失败	当前进度285/1806	 成功: 106 	 失败: 178
第286组失败	当前进度286/1806	 成功: 106 	 失败: 179
第287组失败	当前进度287/1806	 成功: 106 	 失败: 180
第288组失败	当前进度288/1806	 成功: 106 	 失败: 181
第289组失败	当前进度289/1806	 成功: 106 	 失败: 182
第290组失败	当前进度290/1806	 成功: 106 	 失败: 183
第291组失败	当前进度291/1806	 成功: 106 	 失败: 184
第292组失败	当前进度292/1806	 成功: 106 	 失败: 185
第293组失败	当前进度293/1806	 成功: 106 	 失败: 186
第294组失败	当前进度294/1806	 成功: 106 	 失败: 187
第295组失败	当前进度295/1806	 成功: 106 	 失败: 188
第296组失败	当前进度296/1806	 成功: 106 	 失败: 189
第297组失败	当前进度297/1806	 成功: 106 	 失败: 190
第298组成功	当前进度298/1806	 成功: 106 	 失败: 191
第299组失败	当前进度299/1806	 成功: 107 	 失败: 191
第300组失败	当前进度300/1806	 成功: 107 	 失败: 192
第301组失败	当前进度301/1806	 成功: 107 	 失败: 193
第302组失败	当前进度302/1806	 成功: 107 	 失败: 194
第303组成功	当前进度303/1806	 成功: 107 	 失败: 195
第304组失败	当前进度304/1806	 成功: 108 	 失败: 195
第305组失败	当前进度305/1806	 成功: 108 	 失败: 196
第306组失败	当前进度306/1806	 成功: 108 	 失败: 197
第307组失败	当前进度307/1806	 成功: 108 	 失败: 198
第308组失败	当前进度308/1806	 成功: 108 	 失败: 199
第309组失败	当前进度309/1806	 成功: 108 	 失败: 200
第310组失败	当前进度310/1806	 成功: 108 	 失败: 201
第311组失败	当前进度311/1806	 成功: 108 	 失败: 202
第312组失败	当前进度312/1806	 成功: 108 	 失败: 203
第313组失败	当前进度313/1806	 成功: 108 	 失败: 204
第314组失败	当前进度314/1806	 成功: 108 	 失败: 205
第315组失败	当前进度315/1806	 成功: 108 	 失败: 206
第316组失败	当前进度316/1806	 成功: 108 	 失败: 207
第317组失败	当前进度317/1806	 成功: 108 	 失败: 208
第318组失败	当前进度318/1806	 成功: 108 	 失败: 209
第319组失败	当前进度319/1806	 成功: 108 	 失败: 210
第320组失败	当前进度320/1806	 成功: 108 	 失败: 211
第321组失败	当前进度321/1806	 成功: 108 	 失败: 212
第322组失败	当前进度322/1806	 成功: 108 	 失败: 213
第323组失败	当前进度323/1806	 成功: 108 	 失败: 214
第324组失败	当前进度324/1806	 成功: 108 	 失败: 215
第325组失败	当前进度325/1806	 成功: 108 	 失败: 216
第326组失败	当前进度326/1806	 成功: 108 	 失败: 217
第327组失败	当前进度327/1806	 成功: 108 	 失败: 218
第328组失败	当前进度328/1806	 成功: 108 	 失败: 219
第329组失败	当前进度329/1806	 成功: 108 	 失败: 220
第330组失败	当前进度330/1806	 成功: 108 	 失败: 221
第331组失败	当前进度331/1806	 成功: 108 	 失败: 222
第332组失败	当前进度332/1806	 成功: 108 	 失败: 223
第333组失败	当前进度333/1806	 成功: 108 	 失败: 224
第334组失败	当前进度334/1806	 成功: 108 	 失败: 225
第335组失败	当前进度335/1806	 成功: 108 	 失败: 226
第336组失败	当前进度336/1806	 成功: 108 	 失败: 227
第337组失败	当前进度337/1806	 成功: 108 	 失败: 228
第338组失败	当前进度338/1806	 成功: 108 	 失败: 229
第339组失败	当前进度339/1806	 成功: 108 	 失败: 230
第340组失败	当前进度340/1806	 成功: 108 	 失败: 231
第341组失败	当前进度341/1806	 成功: 108 	 失败: 232
第342组失败	当前进度342/1806	 成功: 108 	 失败: 233
第343组失败	当前进度343/1806	 成功: 108 	 失败: 234
第344组失败	当前进度344/1806	 成功: 108 	 失败: 235
第345组失败	当前进度345/1806	 成功: 108 	 失败: 236
第346组失败	当前进度346/1806	 成功: 108 	 失败: 237
第347组失败	当前进度347/1806	 成功: 108 	 失败: 238
第348组失败	当前进度348/1806	 成功: 108 	 失败: 239
第349组失败	当前进度349/1806	 成功: 108 	 失败: 240
第350组失败	当前进度350/1806	 成功: 108 	 失败: 241
第351组失败	当前进度351/1806	 成功: 108 	 失败: 242
第352组失败	当前进度352/1806	 成功: 108 	 失败: 243
第353组失败	当前进度353/1806	 成功: 108 	 失败: 244
第354组失败	当前进度354/1806	 成功: 108 	 失败: 245
第355组失败	当前进度355/1806	 成功: 108 	 失败: 246
第356组失败	当前进度356/1806	 成功: 108 	 失败: 247
第357组失败	当前进度357/1806	 成功: 108 	 失败: 248
第358组失败	当前进度358/1806	 成功: 108 	 失败: 249
第359组失败	当前进度359/1806	 成功: 108 	 失败: 250
第360组失败	当前进度360/1806	 成功: 108 	 失败: 251
第361组失败	当前进度361/1806	 成功: 108 	 失败: 252
第362组失败	当前进度362/1806	 成功: 108 	 失败: 253
第363组失败	当前进度363/1806	 成功: 108 	 失败: 254
第364组失败	当前进度364/1806	 成功: 108 	 失败: 255
第365组失败	当前进度365/1806	 成功: 108 	 失败: 256
第366组失败	当前进度366/1806	 成功: 108 	 失败: 257
第367组失败	当前进度367/1806	 成功: 108 	 失败: 258
第368组失败	当前进度368/1806	 成功: 108 	 失败: 259
第369组失败	当前进度369/1806	 成功: 108 	 失败: 260
第370组失败	当前进度370/1806	 成功: 108 	 失败: 261
第371组失败	当前进度371/1806	 成功: 108 	 失败: 262
第372组失败	当前进度372/1806	 成功: 108 	 失败: 263
第373组失败	当前进度373/1806	 成功: 108 	 失败: 264
第374组失败	当前进度374/1806	 成功: 108 	 失败: 265
第375组失败	当前进度375/1806	 成功: 108 	 失败: 266
第376组失败	当前进度376/1806	 成功: 108 	 失败: 267
第377组失败	当前进度377/1806	 成功: 108 	 失败: 268
第378组失败	当前进度378/1806	 成功: 108 	 失败: 269
第379组失败	当前进度379/1806	 成功: 108 	 失败: 270
第380组失败	当前进度380/1806	 成功: 108 	 失败: 271
第381组失败	当前进度381/1806	 成功: 108 	 失败: 272
第382组失败	当前进度382/1806	 成功: 108 	 失败: 273
第383组失败	当前进度383/1806	 成功: 108 	 失败: 274
第384组失败	当前进度384/1806	 成功: 108 	 失败: 275
第385组失败	当前进度385/1806	 成功: 108 	 失败: 276
第386组失败	当前进度386/1806	 成功: 108 	 失败: 277
第387组失败	当前进度387/1806	 成功: 108 	 失败: 278
第388组失败	当前进度388/1806	 成功: 108 	 失败: 279
第389组失败	当前进度389/1806	 成功: 108 	 失败: 280
第390组失败	当前进度390/1806	 成功: 108 	 失败: 281
第391组失败	当前进度391/1806	 成功: 108 	 失败: 282
第392组失败	当前进度392/1806	 成功: 108 	 失败: 283
第393组失败	当前进度393/1806	 成功: 108 	 失败: 284
第394组失败	当前进度394/1806	 成功: 108 	 失败: 285
第395组失败	当前进度395/1806	 成功: 108 	 失败: 286
第396组失败	当前进度396/1806	 成功: 108 	 失败: 287
第397组失败	当前进度397/1806	 成功: 108 	 失败: 288
第398组失败	当前进度398/1806	 成功: 108 	 失败: 289
第399组失败	当前进度399/1806	 成功: 108 	 失败: 290
第400组失败	当前进度400/1806	 成功: 108 	 失败: 291
第401组失败	当前进度401/1806	 成功: 108 	 失败: 292
第402组失败	当前进度402/1806	 成功: 108 	 失败: 293
第403组失败	当前进度403/1806	 成功: 108 	 失败: 294
第404组失败	当前进度404/1806	 成功: 108 	 失败: 295
第405组失败	当前进度405/1806	 成功: 108 	 失败: 296
第406组失败	当前进度406/1806	 成功: 108 	 失败: 297
第407组失败	当前进度407/1806	 成功: 108 	 失败: 298
第408组失败	当前进度408/1806	 成功: 108 	 失败: 299
第409组失败	当前进度409/1806	 成功: 108 	 失败: 300
第410组失败	当前进度410/1806	 成功: 108 	 失败: 301
第411组失败	当前进度411/1806	 成功: 108 	 失败: 302
第412组失败	当前进度412/1806	 成功: 108 	 失败: 303
第413组失败	当前进度413/1806	 成功: 108 	 失败: 304
第414组失败	当前进度414/1806	 成功: 108 	 失败: 305
第415组失败	当前进度415/1806	 成功: 108 	 失败: 306
第416组失败	当前进度416/1806	 成功: 108 	 失败: 307
第417组失败	当前进度417/1806	 成功: 108 	 失败: 308
第418组失败	当前进度418/1806	 成功: 108 	 失败: 309
第419组失败	当前进度419/1806	 成功: 108 	 失败: 310
第420组失败	当前进度420/1806	 成功: 108 	 失败: 311
第421组失败	当前进度421/1806	 成功: 108 	 失败: 312
第422组失败	当前进度422/1806	 成功: 108 	 失败: 313
第423组失败	当前进度423/1806	 成功: 108 	 失败: 314
第424组失败	当前进度424/1806	 成功: 108 	 失败: 315
第425组失败	当前进度425/1806	 成功: 108 	 失败: 316
第426组失败	当前进度426/1806	 成功: 108 	 失败: 317
第427组失败	当前进度427/1806	 成功: 108 	 失败: 318
第428组失败	当前进度428/1806	 成功: 108 	 失败: 319
第429组失败	当前进度429/1806	 成功: 108 	 失败: 320
第430组失败	当前进度430/1806	 成功: 108 	 失败: 321
第431组失败	当前进度431/1806	 成功: 108 	 失败: 322
第432组失败	当前进度432/1806	 成功: 108 	 失败: 323
第433组失败	当前进度433/1806	 成功: 108 	 失败: 324
第434组失败	当前进度434/1806	 成功: 108 	 失败: 325
第435组失败	当前进度435/1806	 成功: 108 	 失败: 326
第436组失败	当前进度436/1806	 成功: 108 	 失败: 327
第437组失败	当前进度437/1806	 成功: 108 	 失败: 328
第438组失败	当前进度438/1806	 成功: 108 	 失败: 329
第439组失败	当前进度439/1806	 成功: 108 	 失败: 330
第440组失败	当前进度440/1806	 成功: 108 	 失败: 331
第441组失败	当前进度441/1806	 成功: 108 	 失败: 332
第442组失败	当前进度442/1806	 成功: 108 	 失败: 333
第443组失败	当前进度443/1806	 成功: 108 	 失败: 334
第444组失败	当前进度444/1806	 成功: 108 	 失败: 335
第445组失败	当前进度445/1806	 成功: 108 	 失败: 336
第446组失败	当前进度446/1806	 成功: 108 	 失败: 337
第447组失败	当前进度447/1806	 成功: 108 	 失败: 338
第448组失败	当前进度448/1806	 成功: 108 	 失败: 339
第449组失败	当前进度449/1806	 成功: 108 	 失败: 340
第450组失败	当前进度450/1806	 成功: 108 	 失败: 341
第451组失败	当前进度451/1806	 成功: 108 	 失败: 342
第452组失败	当前进度452/1806	 成功: 108 	 失败: 343
第453组失败	当前进度453/1806	 成功: 108 	 失败: 344
第454组失败	当前进度454/1806	 成功: 108 	 失败: 345
第455组失败	当前进度455/1806	 成功: 108 	 失败: 346
第456组失败	当前进度456/1806	 成功: 108 	 失败: 347
第457组失败	当前进度457/1806	 成功: 108 	 失败: 348
第458组失败	当前进度458/1806	 成功: 108 	 失败: 349
第459组失败	当前进度459/1806	 成功: 108 	 失败: 350
第460组失败	当前进度460/1806	 成功: 108 	 失败: 351
第461组失败	当前进度461/1806	 成功: 108 	 失败: 352
第462组失败	当前进度462/1806	 成功: 108 	 失败: 353
第463组失败	当前进度463/1806	 成功: 108 	 失败: 354
第464组失败	当前进度464/1806	 成功: 108 	 失败: 355
第465组失败	当前进度465/1806	 成功: 108 	 失败: 356
第466组失败	当前进度466/1806	 成功: 108 	 失败: 357
第467组失败	当前进度467/1806	 成功: 108 	 失败: 358
第468组失败	当前进度468/1806	 成功: 108 	 失败: 359
第469组失败	当前进度469/1806	 成功: 108 	 失败: 360
第470组失败	当前进度470/1806	 成功: 108 	 失败: 361
第471组失败	当前进度471/1806	 成功: 108 	 失败: 362
第472组失败	当前进度472/1806	 成功: 108 	 失败: 363
第473组失败	当前进度473/1806	 成功: 108 	 失败: 364
第474组失败	当前进度474/1806	 成功: 108 	 失败: 365
第475组失败	当前进度475/1806	 成功: 108 	 失败: 366
第476组失败	当前进度476/1806	 成功: 108 	 失败: 367
第477组失败	当前进度477/1806	 成功: 108 	 失败: 368
第478组失败	当前进度478/1806	 成功: 108 	 失败: 369
第479组失败	当前进度479/1806	 成功: 108 	 失败: 370
第480组失败	当前进度480/1806	 成功: 108 	 失败: 371
第481组失败	当前进度481/1806	 成功: 108 	 失败: 372
第482组失败	当前进度482/1806	 成功: 108 	 失败: 373
第483组失败	当前进度483/1806	 成功: 108 	 失败: 374
第484组失败	当前进度484/1806	 成功: 108 	 失败: 375
第485组失败	当前进度485/1806	 成功: 108 	 失败: 376
第486组失败	当前进度486/1806	 成功: 108 	 失败: 377
第487组失败	当前进度487/1806	 成功: 108 	 失败: 378
第488组失败	当前进度488/1806	 成功: 108 	 失败: 379
第489组失败	当前进度489/1806	 成功: 108 	 失败: 380
第490组失败	当前进度490/1806	 成功: 108 	 失败: 381
第491组失败	当前进度491/1806	 成功: 108 	 失败: 382
第492组失败	当前进度492/1806	 成功: 108 	 失败: 383
第493组失败	当前进度493/1806	 成功: 108 	 失败: 384
第494组失败	当前进度494/1806	 成功: 108 	 失败: 385
第495组失败	当前进度495/1806	 成功: 108 	 失败: 386
第496组失败	当前进度496/1806	 成功: 108 	 失败: 387
第497组失败	当前进度497/1806	 成功: 108 	 失败: 388
第498组失败	当前进度498/1806	 成功: 108 	 失败: 389
第499组失败	当前进度499/1806	 成功: 108 	 失败: 390
第500组失败	当前进度500/1806	 成功: 108 	 失败: 391
第501组失败	当前进度501/1806	 成功: 108 	 失败: 392
第502组失败	当前进度502/1806	 成功: 108 	 失败: 393
第503组失败	当前进度503/1806	 成功: 108 	 失败: 394
第504组失败	当前进度504/1806	 成功: 108 	 失败: 395
第505组失败	当前进度505/1806	 成功: 108 	 失败: 396
第506组失败	当前进度506/1806	 成功: 108 	 失败: 397
第507组失败	当前进度507/1806	 成功: 108 	 失败: 398
第508组失败	当前进度508/1806	 成功: 108 	 失败: 399
第509组失败	当前进度509/1806	 成功: 108 	 失败: 400
第510组失败	当前进度510/1806	 成功: 108 	 失败: 401
第511组失败	当前进度511/1806	 成功: 108 	 失败: 402
第512组失败	当前进度512/1806	 成功: 108 	 失败: 403
第513组失败	当前进度513/1806	 成功: 108 	 失败: 404
第514组失败	当前进度514/1806	 成功: 108 	 失败: 405
第515组失败	当前进度515/1806	 成功: 108 	 失败: 406
第516组失败	当前进度516/1806	 成功: 108 	 失败: 407
第517组失败	当前进度517/1806	 成功: 108 	 失败: 408
第518组失败	当前进度518/1806	 成功: 108 	 失败: 409
第519组失败	当前进度519/1806	 成功: 108 	 失败: 410
第520组失败	当前进度520/1806	 成功: 108 	 失败: 411
第521组成功	当前进度521/1806	 成功: 108 	 失败: 412
第522组成功	当前进度522/1806	 成功: 109 	 失败: 412
第523组成功	当前进度523/1806	 成功: 110 	 失败: 412
第524组失败	当前进度524/1806	 成功: 111 	 失败: 412
第525组失败	当前进度525/1806	 成功: 111 	 失败: 413
第526组失败	当前进度526/1806	 成功: 111 	 失败: 414
第527组失败	当前进度527/1806	 成功: 111 	 失败: 415
第528组失败	当前进度528/1806	 成功: 111 	 失败: 416
第529组失败	当前进度529/1806	 成功: 111 	 失败: 417
第530组失败	当前进度530/1806	 成功: 111 	 失败: 418
第531组失败	当前进度531/1806	 成功: 111 	 失败: 419
第532组失败	当前进度532/1806	 成功: 111 	 失败: 420
第533组失败	当前进度533/1806	 成功: 111 	 失败: 421
第534组失败	当前进度534/1806	 成功: 111 	 失败: 422
第535组失败	当前进度535/1806	 成功: 111 	 失败: 423
第536组失败	当前进度536/1806	 成功: 111 	 失败: 424
第537组失败	当前进度537/1806	 成功: 111 	 失败: 425
第538组失败	当前进度538/1806	 成功: 111 	 失败: 426
第539组失败	当前进度539/1806	 成功: 111 	 失败: 427
第540组失败	当前进度540/1806	 成功: 111 	 失败: 428
第541组失败	当前进度541/1806	 成功: 111 	 失败: 429
第542组失败	当前进度542/1806	 成功: 111 	 失败: 430
第543组失败	当前进度543/1806	 成功: 111 	 失败: 431
第544组失败	当前进度544/1806	 成功: 111 	 失败: 432
第545组失败	当前进度545/1806	 成功: 111 	 失败: 433
第546组失败	当前进度546/1806	 成功: 111 	 失败: 434
第547组失败	当前进度547/1806	 成功: 111 	 失败: 435
第548组失败	当前进度548/1806	 成功: 111 	 失败: 436
第549组失败	当前进度549/1806	 成功: 111 	 失败: 437
第550组失败	当前进度550/1806	 成功: 111 	 失败: 438
第551组失败	当前进度551/1806	 成功: 111 	 失败: 439
第552组失败	当前进度552/1806	 成功: 111 	 失败: 440
第553组失败	当前进度553/1806	 成功: 111 	 失败: 441
第554组失败	当前进度554/1806	 成功: 111 	 失败: 442
第555组失败	当前进度555/1806	 成功: 111 	 失败: 443
第556组失败	当前进度556/1806	 成功: 111 	 失败: 444
第557组失败	当前进度557/1806	 成功: 111 	 失败: 445
第558组失败	当前进度558/1806	 成功: 111 	 失败: 446
第559组失败	当前进度559/1806	 成功: 111 	 失败: 447
第560组失败	当前进度560/1806	 成功: 111 	 失败: 448
第561组失败	当前进度561/1806	 成功: 111 	 失败: 449
第562组失败	当前进度562/1806	 成功: 111 	 失败: 450
第563组失败	当前进度563/1806	 成功: 111 	 失败: 451
第564组失败	当前进度564/1806	 成功: 111 	 失败: 452
第565组失败	当前进度565/1806	 成功: 111 	 失败: 453
第566组失败	当前进度566/1806	 成功: 111 	 失败: 454
第567组失败	当前进度567/1806	 成功: 111 	 失败: 455
第568组失败	当前进度568/1806	 成功: 111 	 失败: 456
第569组失败	当前进度569/1806	 成功: 111 	 失败: 457
第570组失败	当前进度570/1806	 成功: 111 	 失败: 458
第571组失败	当前进度571/1806	 成功: 111 	 失败: 459
第572组失败	当前进度572/1806	 成功: 111 	 失败: 460
第573组失败	当前进度573/1806	 成功: 111 	 失败: 461
第574组失败	当前进度574/1806	 成功: 111 	 失败: 462
第575组失败	当前进度575/1806	 成功: 111 	 失败: 463
第576组失败	当前进度576/1806	 成功: 111 	 失败: 464
第577组失败	当前进度577/1806	 成功: 111 	 失败: 465
第578组失败	当前进度578/1806	 成功: 111 	 失败: 466
第579组失败	当前进度579/1806	 成功: 111 	 失败: 467
第580组失败	当前进度580/1806	 成功: 111 	 失败: 468
第581组失败	当前进度581/1806	 成功: 111 	 失败: 469
第582组失败	当前进度582/1806	 成功: 111 	 失败: 470
第583组失败	当前进度583/1806	 成功: 111 	 失败: 471
第584组失败	当前进度584/1806	 成功: 111 	 失败: 472
第585组失败	当前进度585/1806	 成功: 111 	 失败: 473
第586组失败	当前进度586/1806	 成功: 111 	 失败: 474
第587组失败	当前进度587/1806	 成功: 111 	 失败: 475
第588组失败	当前进度588/1806	 成功: 111 	 失败: 476
第589组失败	当前进度589/1806	 成功: 111 	 失败: 477
第590组失败	当前进度590/1806	 成功: 111 	 失败: 478
第591组失败	当前进度591/1806	 成功: 111 	 失败: 479
第592组失败	当前进度592/1806	 成功: 111 	 失败: 480
第593组失败	当前进度593/1806	 成功: 111 	 失败: 481
第594组失败	当前进度594/1806	 成功: 111 	 失败: 482
第595组失败	当前进度595/1806	 成功: 111 	 失败: 483
第596组失败	当前进度596/1806	 成功: 111 	 失败: 484
第597组失败	当前进度597/1806	 成功: 111 	 失败: 485
第598组失败	当前进度598/1806	 成功: 111 	 失败: 486
第599组失败	当前进度599/1806	 成功: 111 	 失败: 487
第600组失败	当前进度600/1806	 成功: 111 	 失败: 488
第601组失败	当前进度601/1806	 成功: 111 	 失败: 489
第602组失败	当前进度602/1806	 成功: 111 	 失败: 490
第603组成功	当前进度603/1806	 成功: 111 	 失败: 491
第604组成功	当前进度604/1806	 成功: 112 	 失败: 491
第605组成功	当前进度605/1806	 成功: 113 	 失败: 491
第606组成功	当前进度606/1806	 成功: 114 	 失败: 491
第607组成功	当前进度607/1806	 成功: 115 	 失败: 491
第608组成功	当前进度608/1806	 成功: 116 	 失败: 491
第609组成功	当前进度609/1806	 成功: 117 	 失败: 491
第610组成功	当前进度610/1806	 成功: 118 	 失败: 491
第611组成功	当前进度611/1806	 成功: 119 	 失败: 491
第612组成功	当前进度612/1806	 成功: 120 	 失败: 491
第613组成功	当前进度613/1806	 成功: 121 	 失败: 491
第614组成功	当前进度614/1806	 成功: 122 	 失败: 491
第615组成功	当前进度615/1806	 成功: 123 	 失败: 491
第616组成功	当前进度616/1806	 成功: 124 	 失败: 491
第617组成功	当前进度617/1806	 成功: 125 	 失败: 491
第618组成功	当前进度618/1806	 成功: 126 	 失败: 491
第619组成功	当前进度619/1806	 成功: 127 	 失败: 491
第620组成功	当前进度620/1806	 成功: 128 	 失败: 491
第621组成功	当前进度621/1806	 成功: 129 	 失败: 491
第622组成功	当前进度622/1806	 成功: 130 	 失败: 491
第623组成功	当前进度623/1806	 成功: 131 	 失败: 491
第624组成功	当前进度624/1806	 成功: 132 	 失败: 491
第625组成功	当前进度625/1806	 成功: 133 	 失败: 491
第626组成功	当前进度626/1806	 成功: 134 	 失败: 491
第627组成功	当前进度627/1806	 成功: 135 	 失败: 491
第628组成功	当前进度628/1806	 成功: 136 	 失败: 491
第629组成功	当前进度629/1806	 成功: 137 	 失败: 491
第630组失败	当前进度630/1806	 成功: 138 	 失败: 491
第631组失败	当前进度631/1806	 成功: 138 	 失败: 492
第632组失败	当前进度632/1806	 成功: 138 	 失败: 493
第633组失败	当前进度633/1806	 成功: 138 	 失败: 494
第634组成功	当前进度634/1806	 成功: 138 	 失败: 495
第635组成功	当前进度635/1806	 成功: 139 	 失败: 495
第636组成功	当前进度636/1806	 成功: 140 	 失败: 495
第637组成功	当前进度637/1806	 成功: 141 	 失败: 495
第638组失败	当前进度638/1806	 成功: 142 	 失败: 495
第639组成功	当前进度639/1806	 成功: 142 	 失败: 496
第640组失败	当前进度640/1806	 成功: 143 	 失败: 496
第641组失败	当前进度641/1806	 成功: 143 	 失败: 497
第642组失败	当前进度642/1806	 成功: 143 	 失败: 498
第643组成功	当前进度643/1806	 成功: 143 	 失败: 499
第644组失败	当前进度644/1806	 成功: 144 	 失败: 499
第645组成功	当前进度645/1806	 成功: 144 	 失败: 500
第646组成功	当前进度646/1806	 成功: 145 	 失败: 500
第647组成功	当前进度647/1806	 成功: 146 	 失败: 500
第648组成功	当前进度648/1806	 成功: 147 	 失败: 500
第649组失败	当前进度649/1806	 成功: 148 	 失败: 500
第650组失败	当前进度650/1806	 成功: 148 	 失败: 501
第651组成功	当前进度651/1806	 成功: 148 	 失败: 502
第652组成功	当前进度652/1806	 成功: 149 	 失败: 502
第653组成功	当前进度653/1806	 成功: 150 	 失败: 502
第654组成功	当前进度654/1806	 成功: 151 	 失败: 502
第655组成功	当前进度655/1806	 成功: 152 	 失败: 502
第656组成功	当前进度656/1806	 成功: 153 	 失败: 502
第657组成功	当前进度657/1806	 成功: 154 	 失败: 502
第658组成功	当前进度658/1806	 成功: 155 	 失败: 502
第659组成功	当前进度659/1806	 成功: 156 	 失败: 502
第660组成功	当前进度660/1806	 成功: 157 	 失败: 502
第661组成功	当前进度661/1806	 成功: 158 	 失败: 502
第662组成功	当前进度662/1806	 成功: 159 	 失败: 502
第663组成功	当前进度663/1806	 成功: 160 	 失败: 502
第664组成功	当前进度664/1806	 成功: 161 	 失败: 502
第665组成功	当前进度665/1806	 成功: 162 	 失败: 502
第666组成功	当前进度666/1806	 成功: 163 	 失败: 502
第667组成功	当前进度667/1806	 成功: 164 	 失败: 502
第668组成功	当前进度668/1806	 成功: 165 	 失败: 502
第669组成功	当前进度669/1806	 成功: 166 	 失败: 502
第670组成功	当前进度670/1806	 成功: 167 	 失败: 502
第671组成功	当前进度671/1806	 成功: 168 	 失败: 502
第672组成功	当前进度672/1806	 成功: 169 	 失败: 502
第673组成功	当前进度673/1806	 成功: 170 	 失败: 502
第674组成功	当前进度674/1806	 成功: 171 	 失败: 502
第675组成功	当前进度675/1806	 成功: 172 	 失败: 502
第676组失败	当前进度676/1806	 成功: 173 	 失败: 502
第677组失败	当前进度677/1806	 成功: 173 	 失败: 503
第678组失败	当前进度678/1806	 成功: 173 	 失败: 504
第679组失败	当前进度679/1806	 成功: 173 	 失败: 505
第680组失败	当前进度680/1806	 成功: 173 	 失败: 506
第681组失败	当前进度681/1806	 成功: 173 	 失败: 507
第682组失败	当前进度682/1806	 成功: 173 	 失败: 508
第683组失败	当前进度683/1806	 成功: 173 	 失败: 509
第684组失败	当前进度684/1806	 成功: 173 	 失败: 510
第685组失败	当前进度685/1806	 成功: 173 	 失败: 511
第686组失败	当前进度686/1806	 成功: 173 	 失败: 512
第687组失败	当前进度687/1806	 成功: 173 	 失败: 513
第688组失败	当前进度688/1806	 成功: 173 	 失败: 514
第689组成功	当前进度689/1806	 成功: 173 	 失败: 515
第690组成功	当前进度690/1806	 成功: 174 	 失败: 515
第691组成功	当前进度691/1806	 成功: 175 	 失败: 515
第692组成功	当前进度692/1806	 成功: 176 	 失败: 515
第693组成功	当前进度693/1806	 成功: 177 	 失败: 515
第694组成功	当前进度694/1806	 成功: 178 	 失败: 515
第695组失败	当前进度695/1806	 成功: 179 	 失败: 515
第696组失败	当前进度696/1806	 成功: 179 	 失败: 516
第697组成功	当前进度697/1806	 成功: 179 	 失败: 517
第698组成功	当前进度698/1806	 成功: 180 	 失败: 517
第699组成功	当前进度699/1806	 成功: 181 	 失败: 517
第700组成功	当前进度700/1806	 成功: 182 	 失败: 517
第701组成功	当前进度701/1806	 成功: 183 	 失败: 517
第702组成功	当前进度702/1806	 成功: 184 	 失败: 517
第703组成功	当前进度703/1806	 成功: 185 	 失败: 517
第704组成功	当前进度704/1806	 成功: 186 	 失败: 517
第705组成功	当前进度705/1806	 成功: 187 	 失败: 517
第706组成功	当前进度706/1806	 成功: 188 	 失败: 517
第707组失败	当前进度707/1806	 成功: 189 	 失败: 517
第708组成功	当前进度708/1806	 成功: 189 	 失败: 518
第709组成功	当前进度709/1806	 成功: 190 	 失败: 518
第710组成功	当前进度710/1806	 成功: 191 	 失败: 518
第711组失败	当前进度711/1806	 成功: 192 	 失败: 518
第712组失败	当前进度712/1806	 成功: 192 	 失败: 519
第713组失败	当前进度713/1806	 成功: 192 	 失败: 520
第714组失败	当前进度714/1806	 成功: 192 	 失败: 521
第715组失败	当前进度715/1806	 成功: 192 	 失败: 522
第716组失败	当前进度716/1806	 成功: 192 	 失败: 523
第717组失败	当前进度717/1806	 成功: 192 	 失败: 524
第718组失败	当前进度718/1806	 成功: 192 	 失败: 525
第719组成功	当前进度719/1806	 成功: 192 	 失败: 526
第720组失败	当前进度720/1806	 成功: 193 	 失败: 526
第721组失败	当前进度721/1806	 成功: 193 	 失败: 527
第722组失败	当前进度722/1806	 成功: 193 	 失败: 528
第723组失败	当前进度723/1806	 成功: 193 	 失败: 529
第724组失败	当前进度724/1806	 成功: 193 	 失败: 530
第725组失败	当前进度725/1806	 成功: 193 	 失败: 531
第726组失败	当前进度726/1806	 成功: 193 	 失败: 532
第727组成功	当前进度727/1806	 成功: 193 	 失败: 533
第728组失败	当前进度728/1806	 成功: 194 	 失败: 533
第729组成功	当前进度729/1806	 成功: 194 	 失败: 534
第730组失败	当前进度730/1806	 成功: 195 	 失败: 534
第731组失败	当前进度731/1806	 成功: 195 	 失败: 535
第732组失败	当前进度732/1806	 成功: 195 	 失败: 536
第733组失败	当前进度733/1806	 成功: 195 	 失败: 537
第734组失败	当前进度734/1806	 成功: 195 	 失败: 538
第735组失败	当前进度735/1806	 成功: 195 	 失败: 539
第736组失败	当前进度736/1806	 成功: 195 	 失败: 540
第737组成功	当前进度737/1806	 成功: 195 	 失败: 541
第738组失败	当前进度738/1806	 成功: 196 	 失败: 541
第739组失败	当前进度739/1806	 成功: 196 	 失败: 542
第740组失败	当前进度740/1806	 成功: 196 	 失败: 543
第741组失败	当前进度741/1806	 成功: 196 	 失败: 544
第742组失败	当前进度742/1806	 成功: 196 	 失败: 545
第743组失败	当前进度743/1806	 成功: 196 	 失败: 546
第744组失败	当前进度744/1806	 成功: 196 	 失败: 547
第745组失败	当前进度745/1806	 成功: 196 	 失败: 548
第746组失败	当前进度746/1806	 成功: 196 	 失败: 549
第747组失败	当前进度747/1806	 成功: 196 	 失败: 550
第748组成功	当前进度748/1806	 成功: 196 	 失败: 551
第749组成功	当前进度749/1806	 成功: 197 	 失败: 551
第750组失败	当前进度750/1806	 成功: 198 	 失败: 551
第751组成功	当前进度751/1806	 成功: 198 	 失败: 552
第752组失败	当前进度752/1806	 成功: 199 	 失败: 552
第753组成功	当前进度753/1806	 成功: 199 	 失败: 553
第754组成功	当前进度754/1806	 成功: 200 	 失败: 553
第755组失败	当前进度755/1806	 成功: 201 	 失败: 553
第756组失败	当前进度756/1806	 成功: 201 	 失败: 554
第757组失败	当前进度757/1806	 成功: 201 	 失败: 555
第758组失败	当前进度758/1806	 成功: 201 	 失败: 556
第759组失败	当前进度759/1806	 成功: 201 	 失败: 557
第760组成功	当前进度760/1806	 成功: 201 	 失败: 558
第761组失败	当前进度761/1806	 成功: 202 	 失败: 558
第762组成功	当前进度762/1806	 成功: 202 	 失败: 559
第763组成功	当前进度763/1806	 成功: 203 	 失败: 559
第764组成功	当前进度764/1806	 成功: 204 	 失败: 559
第765组成功	当前进度765/1806	 成功: 205 	 失败: 559
第766组成功	当前进度766/1806	 成功: 206 	 失败: 559
第767组成功	当前进度767/1806	 成功: 207 	 失败: 559
第768组成功	当前进度768/1806	 成功: 208 	 失败: 559
第769组成功	当前进度769/1806	 成功: 209 	 失败: 559
第770组失败	当前进度770/1806	 成功: 210 	 失败: 559
第771组失败	当前进度771/1806	 成功: 210 	 失败: 560
第772组失败	当前进度772/1806	 成功: 210 	 失败: 561
第773组成功	当前进度773/1806	 成功: 210 	 失败: 562
第774组失败	当前进度774/1806	 成功: 211 	 失败: 562
第775组成功	当前进度775/1806	 成功: 211 	 失败: 563
第776组成功	当前进度776/1806	 成功: 212 	 失败: 563
第777组失败	当前进度777/1806	 成功: 213 	 失败: 563
第778组失败	当前进度778/1806	 成功: 213 	 失败: 564
第779组失败	当前进度779/1806	 成功: 213 	 失败: 565
第780组失败	当前进度780/1806	 成功: 213 	 失败: 566
第781组失败	当前进度781/1806	 成功: 213 	 失败: 567
第782组失败	当前进度782/1806	 成功: 213 	 失败: 568
第783组失败	当前进度783/1806	 成功: 213 	 失败: 569
第784组失败	当前进度784/1806	 成功: 213 	 失败: 570
第785组失败	当前进度785/1806	 成功: 213 	 失败: 571
第786组失败	当前进度786/1806	 成功: 213 	 失败: 572
第787组失败	当前进度787/1806	 成功: 213 	 失败: 573
第788组失败	当前进度788/1806	 成功: 213 	 失败: 574
第789组失败	当前进度789/1806	 成功: 213 	 失败: 575
第790组失败	当前进度790/1806	 成功: 213 	 失败: 576
第791组失败	当前进度791/1806	 成功: 213 	 失败: 577
第792组成功	当前进度792/1806	 成功: 213 	 失败: 578
第793组失败	当前进度793/1806	 成功: 214 	 失败: 578
第794组失败	当前进度794/1806	 成功: 214 	 失败: 579
第795组成功	当前进度795/1806	 成功: 214 	 失败: 580
第796组成功	当前进度796/1806	 成功: 215 	 失败: 580
第797组失败	当前进度797/1806	 成功: 216 	 失败: 580
第798组失败	当前进度798/1806	 成功: 216 	 失败: 581
第799组失败	当前进度799/1806	 成功: 216 	 失败: 582
第800组成功	当前进度800/1806	 成功: 216 	 失败: 583
第801组失败	当前进度801/1806	 成功: 217 	 失败: 583
第802组失败	当前进度802/1806	 成功: 217 	 失败: 584
第803组失败	当前进度803/1806	 成功: 217 	 失败: 585
第804组成功	当前进度804/1806	 成功: 217 	 失败: 586
第805组失败	当前进度805/1806	 成功: 218 	 失败: 586
第806组成功	当前进度806/1806	 成功: 218 	 失败: 587
第807组成功	当前进度807/1806	 成功: 219 	 失败: 587
第808组成功	当前进度808/1806	 成功: 220 	 失败: 587
第809组成功	当前进度809/1806	 成功: 221 	 失败: 587
第810组成功	当前进度810/1806	 成功: 222 	 失败: 587
第811组成功	当前进度811/1806	 成功: 223 	 失败: 587
第812组失败	当前进度812/1806	 成功: 224 	 失败: 587
第813组失败	当前进度813/1806	 成功: 224 	 失败: 588
第814组失败	当前进度814/1806	 成功: 224 	 失败: 589
第815组失败	当前进度815/1806	 成功: 224 	 失败: 590
第816组失败	当前进度816/1806	 成功: 224 	 失败: 591
第817组失败	当前进度817/1806	 成功: 224 	 失败: 592
第818组成功	当前进度818/1806	 成功: 224 	 失败: 593
第819组成功	当前进度819/1806	 成功: 225 	 失败: 593
第820组失败	当前进度820/1806	 成功: 226 	 失败: 593
第821组失败	当前进度821/1806	 成功: 226 	 失败: 594
第822组失败	当前进度822/1806	 成功: 226 	 失败: 595
第823组失败	当前进度823/1806	 成功: 226 	 失败: 596
第824组失败	当前进度824/1806	 成功: 226 	 失败: 597
第825组失败	当前进度825/1806	 成功: 226 	 失败: 598
第826组失败	当前进度826/1806	 成功: 226 	 失败: 599
第827组失败	当前进度827/1806	 成功: 226 	 失败: 600
第828组失败	当前进度828/1806	 成功: 226 	 失败: 601
第829组失败	当前进度829/1806	 成功: 226 	 失败: 602
第830组失败	当前进度830/1806	 成功: 226 	 失败: 603
第831组成功	当前进度831/1806	 成功: 226 	 失败: 604
第832组成功	当前进度832/1806	 成功: 227 	 失败: 604
第833组成功	当前进度833/1806	 成功: 228 	 失败: 604
第834组成功	当前进度834/1806	 成功: 229 	 失败: 604
第835组成功	当前进度835/1806	 成功: 230 	 失败: 604
第836组失败	当前进度836/1806	 成功: 231 	 失败: 604
第837组失败	当前进度837/1806	 成功: 231 	 失败: 605
第838组失败	当前进度838/1806	 成功: 231 	 失败: 606
第839组失败	当前进度839/1806	 成功: 231 	 失败: 607
第840组失败	当前进度840/1806	 成功: 231 	 失败: 608
第841组失败	当前进度841/1806	 成功: 231 	 失败: 609
第842组失败	当前进度842/1806	 成功: 231 	 失败: 610
第843组失败	当前进度843/1806	 成功: 231 	 失败: 611
第844组失败	当前进度844/1806	 成功: 231 	 失败: 612
第845组失败	当前进度845/1806	 成功: 231 	 失败: 613
第846组失败	当前进度846/1806	 成功: 231 	 失败: 614
第847组失败	当前进度847/1806	 成功: 231 	 失败: 615
第848组失败	当前进度848/1806	 成功: 231 	 失败: 616
第849组失败	当前进度849/1806	 成功: 231 	 失败: 617
第850组失败	当前进度850/1806	 成功: 231 	 失败: 618
第851组失败	当前进度851/1806	 成功: 231 	 失败: 619
第852组失败	当前进度852/1806	 成功: 231 	 失败: 620
第853组失败	当前进度853/1806	 成功: 231 	 失败: 621
第854组失败	当前进度854/1806	 成功: 231 	 失败: 622
第855组失败	当前进度855/1806	 成功: 231 	 失败: 623
第856组失败	当前进度856/1806	 成功: 231 	 失败: 624
第857组失败	当前进度857/1806	 成功: 231 	 失败: 625
第858组失败	当前进度858/1806	 成功: 231 	 失败: 626
第859组失败	当前进度859/1806	 成功: 231 	 失败: 627
第860组失败	当前进度860/1806	 成功: 231 	 失败: 628
第861组失败	当前进度861/1806	 成功: 231 	 失败: 629
第862组失败	当前进度862/1806	 成功: 231 	 失败: 630
第863组失败	当前进度863/1806	 成功: 231 	 失败: 631
第864组失败	当前进度864/1806	 成功: 231 	 失败: 632
第865组失败	当前进度865/1806	 成功: 231 	 失败: 633
第866组失败	当前进度866/1806	 成功: 231 	 失败: 634
第867组失败	当前进度867/1806	 成功: 231 	 失败: 635
第868组失败	当前进度868/1806	 成功: 231 	 失败: 636
第869组失败	当前进度869/1806	 成功: 231 	 失败: 637
第870组失败	当前进度870/1806	 成功: 231 	 失败: 638
第871组失败	当前进度871/1806	 成功: 231 	 失败: 639
第872组失败	当前进度872/1806	 成功: 231 	 失败: 640
第873组失败	当前进度873/1806	 成功: 231 	 失败: 641
第874组失败	当前进度874/1806	 成功: 231 	 失败: 642
第875组失败	当前进度875/1806	 成功: 231 	 失败: 643
第876组失败	当前进度876/1806	 成功: 231 	 失败: 644
第877组失败	当前进度877/1806	 成功: 231 	 失败: 645
第878组失败	当前进度878/1806	 成功: 231 	 失败: 646
第879组失败	当前进度879/1806	 成功: 231 	 失败: 647
第880组失败	当前进度880/1806	 成功: 231 	 失败: 648
第881组失败	当前进度881/1806	 成功: 231 	 失败: 649
第882组失败	当前进度882/1806	 成功: 231 	 失败: 650
第883组失败	当前进度883/1806	 成功: 231 	 失败: 651
第884组失败	当前进度884/1806	 成功: 231 	 失败: 652
第885组失败	当前进度885/1806	 成功: 231 	 失败: 653
第886组失败	当前进度886/1806	 成功: 231 	 失败: 654
第887组失败	当前进度887/1806	 成功: 231 	 失败: 655
第888组失败	当前进度888/1806	 成功: 231 	 失败: 656
第889组失败	当前进度889/1806	 成功: 231 	 失败: 657
第890组失败	当前进度890/1806	 成功: 231 	 失败: 658
第891组失败	当前进度891/1806	 成功: 231 	 失败: 659
第892组失败	当前进度892/1806	 成功: 231 	 失败: 660
第893组失败	当前进度893/1806	 成功: 231 	 失败: 661
第894组失败	当前进度894/1806	 成功: 231 	 失败: 662
第895组失败	当前进度895/1806	 成功: 231 	 失败: 663
第896组失败	当前进度896/1806	 成功: 231 	 失败: 664
第897组失败	当前进度897/1806	 成功: 231 	 失败: 665
第898组失败	当前进度898/1806	 成功: 231 	 失败: 666
第899组失败	当前进度899/1806	 成功: 231 	 失败: 667
第900组成功	当前进度900/1806	 成功: 231 	 失败: 668
第901组失败	当前进度901/1806	 成功: 232 	 失败: 668
第902组失败	当前进度902/1806	 成功: 232 	 失败: 669
第903组成功	当前进度903/1806	 成功: 232 	 失败: 670
第904组成功	当前进度904/1806	 成功: 233 	 失败: 670
第905组成功	当前进度905/1806	 成功: 234 	 失败: 670
第906组失败	当前进度906/1806	 成功: 235 	 失败: 670
第907组失败	当前进度907/1806	 成功: 235 	 失败: 671
第908组失败	当前进度908/1806	 成功: 235 	 失败: 672
第909组失败	当前进度909/1806	 成功: 235 	 失败: 673
第910组失败	当前进度910/1806	 成功: 235 	 失败: 674
第911组失败	当前进度911/1806	 成功: 235 	 失败: 675
第912组失败	当前进度912/1806	 成功: 235 	 失败: 676
第913组失败	当前进度913/1806	 成功: 235 	 失败: 677
第914组失败	当前进度914/1806	 成功: 235 	 失败: 678
第915组失败	当前进度915/1806	 成功: 235 	 失败: 679
第916组失败	当前进度916/1806	 成功: 235 	 失败: 680
第917组失败	当前进度917/1806	 成功: 235 	 失败: 681
第918组失败	当前进度918/1806	 成功: 235 	 失败: 682
第919组失败	当前进度919/1806	 成功: 235 	 失败: 683
第920组失败	当前进度920/1806	 成功: 235 	 失败: 684
第921组失败	当前进度921/1806	 成功: 235 	 失败: 685
第922组失败	当前进度922/1806	 成功: 235 	 失败: 686
第923组失败	当前进度923/1806	 成功: 235 	 失败: 687
第924组失败	当前进度924/1806	 成功: 235 	 失败: 688
第925组失败	当前进度925/1806	 成功: 235 	 失败: 689
第926组失败	当前进度926/1806	 成功: 235 	 失败: 690
第927组失败	当前进度927/1806	 成功: 235 	 失败: 691
第928组失败	当前进度928/1806	 成功: 235 	 失败: 692
第929组失败	当前进度929/1806	 成功: 235 	 失败: 693
第930组失败	当前进度930/1806	 成功: 235 	 失败: 694
第931组失败	当前进度931/1806	 成功: 235 	 失败: 695
第932组失败	当前进度932/1806	 成功: 235 	 失败: 696
第933组失败	当前进度933/1806	 成功: 235 	 失败: 697
第934组失败	当前进度934/1806	 成功: 235 	 失败: 698
第935组失败	当前进度935/1806	 成功: 235 	 失败: 699
第936组失败	当前进度936/1806	 成功: 235 	 失败: 700
第937组失败	当前进度937/1806	 成功: 235 	 失败: 701
第938组失败	当前进度938/1806	 成功: 235 	 失败: 702
第939组失败	当前进度939/1806	 成功: 235 	 失败: 703
第940组失败	当前进度940/1806	 成功: 235 	 失败: 704
第941组失败	当前进度941/1806	 成功: 235 	 失败: 705
第942组失败	当前进度942/1806	 成功: 235 	 失败: 706
第943组失败	当前进度943/1806	 成功: 235 	 失败: 707
第944组失败	当前进度944/1806	 成功: 235 	 失败: 708
第945组失败	当前进度945/1806	 成功: 235 	 失败: 709
第946组失败	当前进度946/1806	 成功: 235 	 失败: 710
第947组失败	当前进度947/1806	 成功: 235 	 失败: 711
第948组失败	当前进度948/1806	 成功: 235 	 失败: 712
第949组失败	当前进度949/1806	 成功: 235 	 失败: 713
第950组失败	当前进度950/1806	 成功: 235 	 失败: 714
第951组失败	当前进度951/1806	 成功: 235 	 失败: 715
第952组失败	当前进度952/1806	 成功: 235 	 失败: 716
第953组失败	当前进度953/1806	 成功: 235 	 失败: 717
第954组失败	当前进度954/1806	 成功: 235 	 失败: 718
第955组失败	当前进度955/1806	 成功: 235 	 失败: 719
第956组失败	当前进度956/1806	 成功: 235 	 失败: 720
第957组失败	当前进度957/1806	 成功: 235 	 失败: 721
第958组失败	当前进度958/1806	 成功: 235 	 失败: 722
第959组失败	当前进度959/1806	 成功: 235 	 失败: 723
第960组失败	当前进度960/1806	 成功: 235 	 失败: 724
第961组失败	当前进度961/1806	 成功: 235 	 失败: 725
第962组失败	当前进度962/1806	 成功: 235 	 失败: 726
第963组失败	当前进度963/1806	 成功: 235 	 失败: 727
第964组失败	当前进度964/1806	 成功: 235 	 失败: 728
第965组失败	当前进度965/1806	 成功: 235 	 失败: 729
第966组成功	当前进度966/1806	 成功: 235 	 失败: 730
第967组失败	当前进度967/1806	 成功: 236 	 失败: 730
第968组失败	当前进度968/1806	 成功: 236 	 失败: 731
第969组失败	当前进度969/1806	 成功: 236 	 失败: 732
第970组失败	当前进度970/1806	 成功: 236 	 失败: 733
第971组失败	当前进度971/1806	 成功: 236 	 失败: 734
第972组失败	当前进度972/1806	 成功: 236 	 失败: 735
第973组失败	当前进度973/1806	 成功: 236 	 失败: 736
第974组失败	当前进度974/1806	 成功: 236 	 失败: 737
第975组失败	当前进度975/1806	 成功: 236 	 失败: 738
第976组失败	当前进度976/1806	 成功: 236 	 失败: 739
第977组失败	当前进度977/1806	 成功: 236 	 失败: 740
第978组失败	当前进度978/1806	 成功: 236 	 失败: 741
第979组失败	当前进度979/1806	 成功: 236 	 失败: 742
第980组失败	当前进度980/1806	 成功: 236 	 失败: 743
第981组失败	当前进度981/1806	 成功: 236 	 失败: 744
第982组失败	当前进度982/1806	 成功: 236 	 失败: 745
第983组失败	当前进度983/1806	 成功: 236 	 失败: 746
第984组失败	当前进度984/1806	 成功: 236 	 失败: 747
第985组失败	当前进度985/1806	 成功: 236 	 失败: 748
第986组失败	当前进度986/1806	 成功: 236 	 失败: 749
第987组失败	当前进度987/1806	 成功: 236 	 失败: 750
第988组失败	当前进度988/1806	 成功: 236 	 失败: 751
第989组失败	当前进度989/1806	 成功: 236 	 失败: 752
第990组失败	当前进度990/1806	 成功: 236 	 失败: 753
第991组失败	当前进度991/1806	 成功: 236 	 失败: 754
第992组失败	当前进度992/1806	 成功: 236 	 失败: 755
第993组失败	当前进度993/1806	 成功: 236 	 失败: 756
第994组失败	当前进度994/1806	 成功: 236 	 失败: 757
第995组失败	当前进度995/1806	 成功: 236 	 失败: 758
第996组失败	当前进度996/1806	 成功: 236 	 失败: 759
第997组失败	当前进度997/1806	 成功: 236 	 失败: 760
第998组失败	当前进度998/1806	 成功: 236 	 失败: 761
第999组失败	当前进度999/1806	 成功: 236 	 失败: 762
第1000组失败	当前进度1000/1806	 成功: 236 	 失败: 763
第1001组失败	当前进度1001/1806	 成功: 236 	 失败: 764
第1002组失败	当前进度1002/1806	 成功: 236 	 失败: 765
第1003组失败	当前进度1003/1806	 成功: 236 	 失败: 766
第1004组失败	当前进度1004/1806	 成功: 236 	 失败: 767
第1005组失败	当前进度1005/1806	 成功: 236 	 失败: 768
第1006组失败	当前进度1006/1806	 成功: 236 	 失败: 769
第1007组失败	当前进度1007/1806	 成功: 236 	 失败: 770
第1008组失败	当前进度1008/1806	 成功: 236 	 失败: 771
第1009组失败	当前进度1009/1806	 成功: 236 	 失败: 772
第1010组失败	当前进度1010/1806	 成功: 236 	 失败: 773
第1011组失败	当前进度1011/1806	 成功: 236 	 失败: 774
第1012组失败	当前进度1012/1806	 成功: 236 	 失败: 775
第1013组失败	当前进度1013/1806	 成功: 236 	 失败: 776
第1014组失败	当前进度1014/1806	 成功: 236 	 失败: 777
第1015组失败	当前进度1015/1806	 成功: 236 	 失败: 778
第1016组失败	当前进度1016/1806	 成功: 236 	 失败: 779
第1017组失败	当前进度1017/1806	 成功: 236 	 失败: 780
第1018组失败	当前进度1018/1806	 成功: 236 	 失败: 781
第1019组失败	当前进度1019/1806	 成功: 236 	 失败: 782
第1020组失败	当前进度1020/1806	 成功: 236 	 失败: 783
第1021组失败	当前进度1021/1806	 成功: 236 	 失败: 784
第1022组失败	当前进度1022/1806	 成功: 236 	 失败: 785
第1023组失败	当前进度1023/1806	 成功: 236 	 失败: 786
第1024组失败	当前进度1024/1806	 成功: 236 	 失败: 787
第1025组失败	当前进度1025/1806	 成功: 236 	 失败: 788
第1026组失败	当前进度1026/1806	 成功: 236 	 失败: 789
第1027组失败	当前进度1027/1806	 成功: 236 	 失败: 790
第1028组失败	当前进度1028/1806	 成功: 236 	 失败: 791
第1029组失败	当前进度1029/1806	 成功: 236 	 失败: 792
第1030组失败	当前进度1030/1806	 成功: 236 	 失败: 793
第1031组失败	当前进度1031/1806	 成功: 236 	 失败: 794
第1032组失败	当前进度1032/1806	 成功: 236 	 失败: 795
第1033组失败	当前进度1033/1806	 成功: 236 	 失败: 796
第1034组失败	当前进度1034/1806	 成功: 236 	 失败: 797
第1035组失败	当前进度1035/1806	 成功: 236 	 失败: 798
第1036组失败	当前进度1036/1806	 成功: 236 	 失败: 799
第1037组失败	当前进度1037/1806	 成功: 236 	 失败: 800
第1038组失败	当前进度1038/1806	 成功: 236 	 失败: 801
第1039组失败	当前进度1039/1806	 成功: 236 	 失败: 802
第1040组失败	当前进度1040/1806	 成功: 236 	 失败: 803
第1041组失败	当前进度1041/1806	 成功: 236 	 失败: 804
第1042组失败	当前进度1042/1806	 成功: 236 	 失败: 805
第1043组失败	当前进度1043/1806	 成功: 236 	 失败: 806
第1044组失败	当前进度1044/1806	 成功: 236 	 失败: 807
第1045组失败	当前进度1045/1806	 成功: 236 	 失败: 808
第1046组失败	当前进度1046/1806	 成功: 236 	 失败: 809
第1047组失败	当前进度1047/1806	 成功: 236 	 失败: 810
第1048组失败	当前进度1048/1806	 成功: 236 	 失败: 811
第1049组失败	当前进度1049/1806	 成功: 236 	 失败: 812
第1050组失败	当前进度1050/1806	 成功: 236 	 失败: 813
第1051组失败	当前进度1051/1806	 成功: 236 	 失败: 814
第1052组失败	当前进度1052/1806	 成功: 236 	 失败: 815
第1053组失败	当前进度1053/1806	 成功: 236 	 失败: 816
第1054组失败	当前进度1054/1806	 成功: 236 	 失败: 817
第1055组失败	当前进度1055/1806	 成功: 236 	 失败: 818
第1056组失败	当前进度1056/1806	 成功: 236 	 失败: 819
第1057组失败	当前进度1057/1806	 成功: 236 	 失败: 820
第1058组失败	当前进度1058/1806	 成功: 236 	 失败: 821
第1059组失败	当前进度1059/1806	 成功: 236 	 失败: 822
第1060组失败	当前进度1060/1806	 成功: 236 	 失败: 823
第1061组失败	当前进度1061/1806	 成功: 236 	 失败: 824
第1062组失败	当前进度1062/1806	 成功: 236 	 失败: 825
第1063组失败	当前进度1063/1806	 成功: 236 	 失败: 826
第1064组失败	当前进度1064/1806	 成功: 236 	 失败: 827
第1065组失败	当前进度1065/1806	 成功: 236 	 失败: 828
第1066组失败	当前进度1066/1806	 成功: 236 	 失败: 829
第1067组失败	当前进度1067/1806	 成功: 236 	 失败: 830
第1068组失败	当前进度1068/1806	 成功: 236 	 失败: 831
第1069组失败	当前进度1069/1806	 成功: 236 	 失败: 832
第1070组失败	当前进度1070/1806	 成功: 236 	 失败: 833
第1071组失败	当前进度1071/1806	 成功: 236 	 失败: 834
第1072组失败	当前进度1072/1806	 成功: 236 	 失败: 835
第1073组失败	当前进度1073/1806	 成功: 236 	 失败: 836
第1074组失败	当前进度1074/1806	 成功: 236 	 失败: 837
第1075组失败	当前进度1075/1806	 成功: 236 	 失败: 838
第1076组失败	当前进度1076/1806	 成功: 236 	 失败: 839
第1077组失败	当前进度1077/1806	 成功: 236 	 失败: 840
第1078组失败	当前进度1078/1806	 成功: 236 	 失败: 841
第1079组失败	当前进度1079/1806	 成功: 236 	 失败: 842
第1080组失败	当前进度1080/1806	 成功: 236 	 失败: 843
第1081组失败	当前进度1081/1806	 成功: 236 	 失败: 844
第1082组失败	当前进度1082/1806	 成功: 236 	 失败: 845
第1083组失败	当前进度1083/1806	 成功: 236 	 失败: 846
第1084组失败	当前进度1084/1806	 成功: 236 	 失败: 847
第1085组失败	当前进度1085/1806	 成功: 236 	 失败: 848
第1086组失败	当前进度1086/1806	 成功: 236 	 失败: 849
第1087组失败	当前进度1087/1806	 成功: 236 	 失败: 850
第1088组失败	当前进度1088/1806	 成功: 236 	 失败: 851
第1089组失败	当前进度1089/1806	 成功: 236 	 失败: 852
第1090组失败	当前进度1090/1806	 成功: 236 	 失败: 853
第1091组失败	当前进度1091/1806	 成功: 236 	 失败: 854
第1092组失败	当前进度1092/1806	 成功: 236 	 失败: 855
第1093组失败	当前进度1093/1806	 成功: 236 	 失败: 856
第1094组失败	当前进度1094/1806	 成功: 236 	 失败: 857
第1095组失败	当前进度1095/1806	 成功: 236 	 失败: 858
第1096组失败	当前进度1096/1806	 成功: 236 	 失败: 859
第1097组失败	当前进度1097/1806	 成功: 236 	 失败: 860
第1098组失败	当前进度1098/1806	 成功: 236 	 失败: 861
第1099组失败	当前进度1099/1806	 成功: 236 	 失败: 862
第1100组失败	当前进度1100/1806	 成功: 236 	 失败: 863
第1101组失败	当前进度1101/1806	 成功: 236 	 失败: 864
第1102组失败	当前进度1102/1806	 成功: 236 	 失败: 865
第1103组失败	当前进度1103/1806	 成功: 236 	 失败: 866
第1104组失败	当前进度1104/1806	 成功: 236 	 失败: 867
第1105组失败	当前进度1105/1806	 成功: 236 	 失败: 868
第1106组失败	当前进度1106/1806	 成功: 236 	 失败: 869
第1107组失败	当前进度1107/1806	 成功: 236 	 失败: 870
第1108组失败	当前进度1108/1806	 成功: 236 	 失败: 871
第1109组失败	当前进度1109/1806	 成功: 236 	 失败: 872
第1110组失败	当前进度1110/1806	 成功: 236 	 失败: 873
第1111组失败	当前进度1111/1806	 成功: 236 	 失败: 874
第1112组失败	当前进度1112/1806	 成功: 236 	 失败: 875
第1113组失败	当前进度1113/1806	 成功: 236 	 失败: 876
第1114组失败	当前进度1114/1806	 成功: 236 	 失败: 877
第1115组失败	当前进度1115/1806	 成功: 236 	 失败: 878
第1116组失败	当前进度1116/1806	 成功: 236 	 失败: 879
第1117组失败	当前进度1117/1806	 成功: 236 	 失败: 880
第1118组失败	当前进度1118/1806	 成功: 236 	 失败: 881
第1119组失败	当前进度1119/1806	 成功: 236 	 失败: 882
第1120组失败	当前进度1120/1806	 成功: 236 	 失败: 883
第1121组失败	当前进度1121/1806	 成功: 236 	 失败: 884
第1122组失败	当前进度1122/1806	 成功: 236 	 失败: 885
第1123组成功	当前进度1123/1806	 成功: 236 	 失败: 886
第1124组成功	当前进度1124/1806	 成功: 237 	 失败: 886
第1125组成功	当前进度1125/1806	 成功: 238 	 失败: 886
第1126组失败	当前进度1126/1806	 成功: 239 	 失败: 886
第1127组失败	当前进度1127/1806	 成功: 239 	 失败: 887
第1128组失败	当前进度1128/1806	 成功: 239 	 失败: 888
第1129组失败	当前进度1129/1806	 成功: 239 	 失败: 889
第1130组失败	当前进度1130/1806	 成功: 239 	 失败: 890
第1131组失败	当前进度1131/1806	 成功: 239 	 失败: 891
第1132组失败	当前进度1132/1806	 成功: 239 	 失败: 892
第1133组失败	当前进度1133/1806	 成功: 239 	 失败: 893
第1134组失败	当前进度1134/1806	 成功: 239 	 失败: 894
第1135组失败	当前进度1135/1806	 成功: 239 	 失败: 895
第1136组失败	当前进度1136/1806	 成功: 239 	 失败: 896
第1137组失败	当前进度1137/1806	 成功: 239 	 失败: 897
第1138组失败	当前进度1138/1806	 成功: 239 	 失败: 898
第1139组失败	当前进度1139/1806	 成功: 239 	 失败: 899
第1140组失败	当前进度1140/1806	 成功: 239 	 失败: 900
第1141组失败	当前进度1141/1806	 成功: 239 	 失败: 901
第1142组失败	当前进度1142/1806	 成功: 239 	 失败: 902
第1143组失败	当前进度1143/1806	 成功: 239 	 失败: 903
第1144组失败	当前进度1144/1806	 成功: 239 	 失败: 904
第1145组失败	当前进度1145/1806	 成功: 239 	 失败: 905
第1146组失败	当前进度1146/1806	 成功: 239 	 失败: 906
第1147组失败	当前进度1147/1806	 成功: 239 	 失败: 907
第1148组失败	当前进度1148/1806	 成功: 239 	 失败: 908
第1149组失败	当前进度1149/1806	 成功: 239 	 失败: 909
第1150组失败	当前进度1150/1806	 成功: 239 	 失败: 910
第1151组失败	当前进度1151/1806	 成功: 239 	 失败: 911
第1152组失败	当前进度1152/1806	 成功: 239 	 失败: 912
第1153组失败	当前进度1153/1806	 成功: 239 	 失败: 913
第1154组失败	当前进度1154/1806	 成功: 239 	 失败: 914
第1155组失败	当前进度1155/1806	 成功: 239 	 失败: 915
第1156组失败	当前进度1156/1806	 成功: 239 	 失败: 916
第1157组失败	当前进度1157/1806	 成功: 239 	 失败: 917
第1158组失败	当前进度1158/1806	 成功: 239 	 失败: 918
第1159组失败	当前进度1159/1806	 成功: 239 	 失败: 919
第1160组失败	当前进度1160/1806	 成功: 239 	 失败: 920
第1161组失败	当前进度1161/1806	 成功: 239 	 失败: 921
第1162组失败	当前进度1162/1806	 成功: 239 	 失败: 922
第1163组失败	当前进度1163/1806	 成功: 239 	 失败: 923
第1164组失败	当前进度1164/1806	 成功: 239 	 失败: 924
第1165组失败	当前进度1165/1806	 成功: 239 	 失败: 925
第1166组失败	当前进度1166/1806	 成功: 239 	 失败: 926
第1167组失败	当前进度1167/1806	 成功: 239 	 失败: 927
第1168组失败	当前进度1168/1806	 成功: 239 	 失败: 928
第1169组失败	当前进度1169/1806	 成功: 239 	 失败: 929
第1170组失败	当前进度1170/1806	 成功: 239 	 失败: 930
第1171组失败	当前进度1171/1806	 成功: 239 	 失败: 931
第1172组失败	当前进度1172/1806	 成功: 239 	 失败: 932
第1173组失败	当前进度1173/1806	 成功: 239 	 失败: 933
第1174组失败	当前进度1174/1806	 成功: 239 	 失败: 934
第1175组失败	当前进度1175/1806	 成功: 239 	 失败: 935
第1176组失败	当前进度1176/1806	 成功: 239 	 失败: 936
第1177组失败	当前进度1177/1806	 成功: 239 	 失败: 937
第1178组失败	当前进度1178/1806	 成功: 239 	 失败: 938
第1179组失败	当前进度1179/1806	 成功: 239 	 失败: 939
第1180组失败	当前进度1180/1806	 成功: 239 	 失败: 940
第1181组失败	当前进度1181/1806	 成功: 239 	 失败: 941
第1182组失败	当前进度1182/1806	 成功: 239 	 失败: 942
第1183组失败	当前进度1183/1806	 成功: 239 	 失败: 943
第1184组失败	当前进度1184/1806	 成功: 239 	 失败: 944
第1185组失败	当前进度1185/1806	 成功: 239 	 失败: 945
第1186组失败	当前进度1186/1806	 成功: 239 	 失败: 946
第1187组失败	当前进度1187/1806	 成功: 239 	 失败: 947
第1188组失败	当前进度1188/1806	 成功: 239 	 失败: 948
第1189组失败	当前进度1189/1806	 成功: 239 	 失败: 949
第1190组失败	当前进度1190/1806	 成功: 239 	 失败: 950
第1191组失败	当前进度1191/1806	 成功: 239 	 失败: 951
第1192组失败	当前进度1192/1806	 成功: 239 	 失败: 952
第1193组失败	当前进度1193/1806	 成功: 239 	 失败: 953
第1194组失败	当前进度1194/1806	 成功: 239 	 失败: 954
第1195组失败	当前进度1195/1806	 成功: 239 	 失败: 955
第1196组失败	当前进度1196/1806	 成功: 239 	 失败: 956
第1197组失败	当前进度1197/1806	 成功: 239 	 失败: 957
第1198组失败	当前进度1198/1806	 成功: 239 	 失败: 958
第1199组失败	当前进度1199/1806	 成功: 239 	 失败: 959
第1200组失败	当前进度1200/1806	 成功: 239 	 失败: 960
第1201组失败	当前进度1201/1806	 成功: 239 	 失败: 961
第1202组失败	当前进度1202/1806	 成功: 239 	 失败: 962
第1203组失败	当前进度1203/1806	 成功: 239 	 失败: 963
第1204组失败	当前进度1204/1806	 成功: 239 	 失败: 964
第1205组成功	当前进度1205/1806	 成功: 239 	 失败: 965
第1206组失败	当前进度1206/1806	 成功: 240 	 失败: 965
第1207组失败	当前进度1207/1806	 成功: 240 	 失败: 966
第1208组成功	当前进度1208/1806	 成功: 240 	 失败: 967
第1209组成功	当前进度1209/1806	 成功: 241 	 失败: 967
第1210组成功	当前进度1210/1806	 成功: 242 	 失败: 967
第1211组成功	当前进度1211/1806	 成功: 243 	 失败: 967
第1212组成功	当前进度1212/1806	 成功: 244 	 失败: 967
第1213组成功	当前进度1213/1806	 成功: 245 	 失败: 967
第1214组成功	当前进度1214/1806	 成功: 246 	 失败: 967
第1215组失败	当前进度1215/1806	 成功: 247 	 失败: 967
第1216组成功	当前进度1216/1806	 成功: 247 	 失败: 968
第1217组成功	当前进度1217/1806	 成功: 248 	 失败: 968
第1218组成功	当前进度1218/1806	 成功: 249 	 失败: 968
第1219组成功	当前进度1219/1806	 成功: 250 	 失败: 968
第1220组成功	当前进度1220/1806	 成功: 251 	 失败: 968
第1221组成功	当前进度1221/1806	 成功: 252 	 失败: 968
第1222组成功	当前进度1222/1806	 成功: 253 	 失败: 968
第1223组成功	当前进度1223/1806	 成功: 254 	 失败: 968
第1224组成功	当前进度1224/1806	 成功: 255 	 失败: 968
第1225组成功	当前进度1225/1806	 成功: 256 	 失败: 968
第1226组成功	当前进度1226/1806	 成功: 257 	 失败: 968
第1227组成功	当前进度1227/1806	 成功: 258 	 失败: 968
第1228组成功	当前进度1228/1806	 成功: 259 	 失败: 968
第1229组失败	当前进度1229/1806	 成功: 260 	 失败: 968
第1230组成功	当前进度1230/1806	 成功: 260 	 失败: 969
第1231组成功	当前进度1231/1806	 成功: 261 	 失败: 969
第1232组失败	当前进度1232/1806	 成功: 262 	 失败: 969
第1233组失败	当前进度1233/1806	 成功: 262 	 失败: 970
第1234组失败	当前进度1234/1806	 成功: 262 	 失败: 971
第1235组失败	当前进度1235/1806	 成功: 262 	 失败: 972
第1236组失败	当前进度1236/1806	 成功: 262 	 失败: 973
第1237组成功	当前进度1237/1806	 成功: 262 	 失败: 974
第1238组成功	当前进度1238/1806	 成功: 263 	 失败: 974
第1239组成功	当前进度1239/1806	 成功: 264 	 失败: 974
第1240组成功	当前进度1240/1806	 成功: 265 	 失败: 974
第1241组成功	当前进度1241/1806	 成功: 266 	 失败: 974
第1242组失败	当前进度1242/1806	 成功: 267 	 失败: 974
第1243组成功	当前进度1243/1806	 成功: 267 	 失败: 975
第1244组成功	当前进度1244/1806	 成功: 268 	 失败: 975
第1245组失败	当前进度1245/1806	 成功: 269 	 失败: 975
第1246组成功	当前进度1246/1806	 成功: 269 	 失败: 976
第1247组成功	当前进度1247/1806	 成功: 270 	 失败: 976
第1248组成功	当前进度1248/1806	 成功: 271 	 失败: 976
第1249组成功	当前进度1249/1806	 成功: 272 	 失败: 976
第1250组成功	当前进度1250/1806	 成功: 273 	 失败: 976
第1251组成功	当前进度1251/1806	 成功: 274 	 失败: 976
第1252组成功	当前进度1252/1806	 成功: 275 	 失败: 976
第1253组成功	当前进度1253/1806	 成功: 276 	 失败: 976
第1254组成功	当前进度1254/1806	 成功: 277 	 失败: 976
第1255组成功	当前进度1255/1806	 成功: 278 	 失败: 976
第1256组成功	当前进度1256/1806	 成功: 279 	 失败: 976
第1257组成功	当前进度1257/1806	 成功: 280 	 失败: 976
第1258组成功	当前进度1258/1806	 成功: 281 	 失败: 976
第1259组成功	当前进度1259/1806	 成功: 282 	 失败: 976
第1260组成功	当前进度1260/1806	 成功: 283 	 失败: 976
第1261组成功	当前进度1261/1806	 成功: 284 	 失败: 976
第1262组失败	当前进度1262/1806	 成功: 285 	 失败: 976
第1263组成功	当前进度1263/1806	 成功: 285 	 失败: 977
第1264组成功	当前进度1264/1806	 成功: 286 	 失败: 977
第1265组成功	当前进度1265/1806	 成功: 287 	 失败: 977
第1266组成功	当前进度1266/1806	 成功: 288 	 失败: 977
第1267组成功	当前进度1267/1806	 成功: 289 	 失败: 977
第1268组成功	当前进度1268/1806	 成功: 290 	 失败: 977
第1269组成功	当前进度1269/1806	 成功: 291 	 失败: 977
第1270组成功	当前进度1270/1806	 成功: 292 	 失败: 977
第1271组成功	当前进度1271/1806	 成功: 293 	 失败: 977
第1272组成功	当前进度1272/1806	 成功: 294 	 失败: 977
第1273组成功	当前进度1273/1806	 成功: 295 	 失败: 977
第1274组成功	当前进度1274/1806	 成功: 296 	 失败: 977
第1275组失败	当前进度1275/1806	 成功: 297 	 失败: 977
第1276组成功	当前进度1276/1806	 成功: 297 	 失败: 978
第1277组成功	当前进度1277/1806	 成功: 298 	 失败: 978
第1278组成功	当前进度1278/1806	 成功: 299 	 失败: 978
第1279组成功	当前进度1279/1806	 成功: 300 	 失败: 978
第1280组成功	当前进度1280/1806	 成功: 301 	 失败: 978
第1281组成功	当前进度1281/1806	 成功: 302 	 失败: 978
第1282组成功	当前进度1282/1806	 成功: 303 	 失败: 978
第1283组成功	当前进度1283/1806	 成功: 304 	 失败: 978
第1284组成功	当前进度1284/1806	 成功: 305 	 失败: 978
第1285组成功	当前进度1285/1806	 成功: 306 	 失败: 978
第1286组成功	当前进度1286/1806	 成功: 307 	 失败: 978
第1287组成功	当前进度1287/1806	 成功: 308 	 失败: 978
第1288组成功	当前进度1288/1806	 成功: 309 	 失败: 978
第1289组成功	当前进度1289/1806	 成功: 310 	 失败: 978
第1290组成功	当前进度1290/1806	 成功: 311 	 失败: 978
第1291组成功	当前进度1291/1806	 成功: 312 	 失败: 978
第1292组失败	当前进度1292/1806	 成功: 313 	 失败: 978
第1293组失败	当前进度1293/1806	 成功: 313 	 失败: 979
第1294组失败	当前进度1294/1806	 成功: 313 	 失败: 980
第1295组失败	当前进度1295/1806	 成功: 313 	 失败: 981
第1296组失败	当前进度1296/1806	 成功: 313 	 失败: 982
第1297组失败	当前进度1297/1806	 成功: 313 	 失败: 983
第1298组失败	当前进度1298/1806	 成功: 313 	 失败: 984
第1299组失败	当前进度1299/1806	 成功: 313 	 失败: 985
第1300组成功	当前进度1300/1806	 成功: 313 	 失败: 986
第1301组成功	当前进度1301/1806	 成功: 314 	 失败: 986
第1302组成功	当前进度1302/1806	 成功: 315 	 失败: 986
第1303组成功	当前进度1303/1806	 成功: 316 	 失败: 986
第1304组成功	当前进度1304/1806	 成功: 317 	 失败: 986
第1305组成功	当前进度1305/1806	 成功: 318 	 失败: 986
第1306组成功	当前进度1306/1806	 成功: 319 	 失败: 986
第1307组成功	当前进度1307/1806	 成功: 320 	 失败: 986
第1308组成功	当前进度1308/1806	 成功: 321 	 失败: 986
第1309组成功	当前进度1309/1806	 成功: 322 	 失败: 986
第1310组成功	当前进度1310/1806	 成功: 323 	 失败: 986
第1311组成功	当前进度1311/1806	 成功: 324 	 失败: 986
第1312组成功	当前进度1312/1806	 成功: 325 	 失败: 986
第1313组失败	当前进度1313/1806	 成功: 326 	 失败: 986
第1314组失败	当前进度1314/1806	 成功: 326 	 失败: 987
第1315组失败	当前进度1315/1806	 成功: 326 	 失败: 988
第1316组失败	当前进度1316/1806	 成功: 326 	 失败: 989
第1317组失败	当前进度1317/1806	 成功: 326 	 失败: 990
第1318组失败	当前进度1318/1806	 成功: 326 	 失败: 991
第1319组失败	当前进度1319/1806	 成功: 326 	 失败: 992
第1320组失败	当前进度1320/1806	 成功: 326 	 失败: 993
第1321组失败	当前进度1321/1806	 成功: 326 	 失败: 994
第1322组失败	当前进度1322/1806	 成功: 326 	 失败: 995
第1323组失败	当前进度1323/1806	 成功: 326 	 失败: 996
第1324组失败	当前进度1324/1806	 成功: 326 	 失败: 997
第1325组失败	当前进度1325/1806	 成功: 326 	 失败: 998
第1326组失败	当前进度1326/1806	 成功: 326 	 失败: 999
第1327组失败	当前进度1327/1806	 成功: 326 	 失败: 1000
第1328组失败	当前进度1328/1806	 成功: 326 	 失败: 1001
第1329组失败	当前进度1329/1806	 成功: 326 	 失败: 1002
第1330组失败	当前进度1330/1806	 成功: 326 	 失败: 1003
第1331组失败	当前进度1331/1806	 成功: 326 	 失败: 1004
第1332组失败	当前进度1332/1806	 成功: 326 	 失败: 1005
第1333组失败	当前进度1333/1806	 成功: 326 	 失败: 1006
第1334组失败	当前进度1334/1806	 成功: 326 	 失败: 1007
第1335组失败	当前进度1335/1806	 成功: 326 	 失败: 1008
第1336组失败	当前进度1336/1806	 成功: 326 	 失败: 1009
第1337组失败	当前进度1337/1806	 成功: 326 	 失败: 1010
第1338组失败	当前进度1338/1806	 成功: 326 	 失败: 1011
第1339组失败	当前进度1339/1806	 成功: 326 	 失败: 1012
第1340组失败	当前进度1340/1806	 成功: 326 	 失败: 1013
第1341组失败	当前进度1341/1806	 成功: 326 	 失败: 1014
第1342组失败	当前进度1342/1806	 成功: 326 	 失败: 1015
第1343组失败	当前进度1343/1806	 成功: 326 	 失败: 1016
第1344组失败	当前进度1344/1806	 成功: 326 	 失败: 1017
第1345组成功	当前进度1345/1806	 成功: 326 	 失败: 1018
第1346组失败	当前进度1346/1806	 成功: 327 	 失败: 1018
第1347组失败	当前进度1347/1806	 成功: 327 	 失败: 1019
第1348组失败	当前进度1348/1806	 成功: 327 	 失败: 1020
第1349组失败	当前进度1349/1806	 成功: 327 	 失败: 1021
第1350组失败	当前进度1350/1806	 成功: 327 	 失败: 1022
第1351组失败	当前进度1351/1806	 成功: 327 	 失败: 1023
第1352组失败	当前进度1352/1806	 成功: 327 	 失败: 1024
第1353组失败	当前进度1353/1806	 成功: 327 	 失败: 1025
第1354组成功	当前进度1354/1806	 成功: 327 	 失败: 1026
第1355组失败	当前进度1355/1806	 成功: 328 	 失败: 1026
第1356组失败	当前进度1356/1806	 成功: 328 	 失败: 1027
第1357组失败	当前进度1357/1806	 成功: 328 	 失败: 1028
第1358组失败	当前进度1358/1806	 成功: 328 	 失败: 1029
第1359组失败	当前进度1359/1806	 成功: 328 	 失败: 1030
第1360组失败	当前进度1360/1806	 成功: 328 	 失败: 1031
第1361组失败	当前进度1361/1806	 成功: 328 	 失败: 1032
第1362组失败	当前进度1362/1806	 成功: 328 	 失败: 1033
第1363组失败	当前进度1363/1806	 成功: 328 	 失败: 1034
第1364组失败	当前进度1364/1806	 成功: 328 	 失败: 1035
第1365组失败	当前进度1365/1806	 成功: 328 	 失败: 1036
第1366组失败	当前进度1366/1806	 成功: 328 	 失败: 1037
第1367组失败	当前进度1367/1806	 成功: 328 	 失败: 1038
第1368组失败	当前进度1368/1806	 成功: 328 	 失败: 1039
第1369组失败	当前进度1369/1806	 成功: 328 	 失败: 1040
第1370组失败	当前进度1370/1806	 成功: 328 	 失败: 1041
第1371组失败	当前进度1371/1806	 成功: 328 	 失败: 1042
第1372组失败	当前进度1372/1806	 成功: 328 	 失败: 1043
第1373组失败	当前进度1373/1806	 成功: 328 	 失败: 1044
第1374组失败	当前进度1374/1806	 成功: 328 	 失败: 1045
第1375组失败	当前进度1375/1806	 成功: 328 	 失败: 1046
第1376组失败	当前进度1376/1806	 成功: 328 	 失败: 1047
第1377组失败	当前进度1377/1806	 成功: 328 	 失败: 1048
第1378组失败	当前进度1378/1806	 成功: 328 	 失败: 1049
第1379组失败	当前进度1379/1806	 成功: 328 	 失败: 1050
第1380组失败	当前进度1380/1806	 成功: 328 	 失败: 1051
第1381组失败	当前进度1381/1806	 成功: 328 	 失败: 1052
第1382组成功	当前进度1382/1806	 成功: 328 	 失败: 1053
第1383组成功	当前进度1383/1806	 成功: 329 	 失败: 1053
第1384组成功	当前进度1384/1806	 成功: 330 	 失败: 1053
第1385组失败	当前进度1385/1806	 成功: 331 	 失败: 1053
第1386组失败	当前进度1386/1806	 成功: 331 	 失败: 1054
第1387组失败	当前进度1387/1806	 成功: 331 	 失败: 1055
第1388组失败	当前进度1388/1806	 成功: 331 	 失败: 1056
第1389组失败	当前进度1389/1806	 成功: 331 	 失败: 1057
第1390组失败	当前进度1390/1806	 成功: 331 	 失败: 1058
第1391组失败	当前进度1391/1806	 成功: 331 	 失败: 1059
第1392组失败	当前进度1392/1806	 成功: 331 	 失败: 1060
第1393组失败	当前进度1393/1806	 成功: 331 	 失败: 1061
第1394组成功	当前进度1394/1806	 成功: 331 	 失败: 1062
第1395组成功	当前进度1395/1806	 成功: 332 	 失败: 1062
第1396组成功	当前进度1396/1806	 成功: 333 	 失败: 1062
第1397组成功	当前进度1397/1806	 成功: 334 	 失败: 1062
第1398组成功	当前进度1398/1806	 成功: 335 	 失败: 1062
第1399组成功	当前进度1399/1806	 成功: 336 	 失败: 1062
第1400组成功	当前进度1400/1806	 成功: 337 	 失败: 1062
第1401组成功	当前进度1401/1806	 成功: 338 	 失败: 1062
第1402组成功	当前进度1402/1806	 成功: 339 	 失败: 1062
第1403组成功	当前进度1403/1806	 成功: 340 	 失败: 1062
第1404组成功	当前进度1404/1806	 成功: 341 	 失败: 1062
第1405组成功	当前进度1405/1806	 成功: 342 	 失败: 1062
第1406组成功	当前进度1406/1806	 成功: 343 	 失败: 1062
第1407组成功	当前进度1407/1806	 成功: 344 	 失败: 1062
第1408组成功	当前进度1408/1806	 成功: 345 	 失败: 1062
第1409组成功	当前进度1409/1806	 成功: 346 	 失败: 1062
第1410组成功	当前进度1410/1806	 成功: 347 	 失败: 1062
第1411组成功	当前进度1411/1806	 成功: 348 	 失败: 1062
第1412组成功	当前进度1412/1806	 成功: 349 	 失败: 1062
第1413组成功	当前进度1413/1806	 成功: 350 	 失败: 1062
第1414组成功	当前进度1414/1806	 成功: 351 	 失败: 1062
第1415组成功	当前进度1415/1806	 成功: 352 	 失败: 1062
第1416组成功	当前进度1416/1806	 成功: 353 	 失败: 1062
第1417组成功	当前进度1417/1806	 成功: 354 	 失败: 1062
第1418组失败	当前进度1418/1806	 成功: 355 	 失败: 1062
第1419组失败	当前进度1419/1806	 成功: 355 	 失败: 1063
第1420组成功	当前进度1420/1806	 成功: 355 	 失败: 1064
第1421组成功	当前进度1421/1806	 成功: 356 	 失败: 1064
第1422组成功	当前进度1422/1806	 成功: 357 	 失败: 1064
第1423组成功	当前进度1423/1806	 成功: 358 	 失败: 1064
第1424组失败	当前进度1424/1806	 成功: 359 	 失败: 1064
第1425组失败	当前进度1425/1806	 成功: 359 	 失败: 1065
第1426组失败	当前进度1426/1806	 成功: 359 	 失败: 1066
第1427组成功	当前进度1427/1806	 成功: 359 	 失败: 1067
第1428组成功	当前进度1428/1806	 成功: 360 	 失败: 1067
第1429组成功	当前进度1429/1806	 成功: 361 	 失败: 1067
第1430组失败	当前进度1430/1806	 成功: 362 	 失败: 1067
第1431组成功	当前进度1431/1806	 成功: 362 	 失败: 1068
第1432组失败	当前进度1432/1806	 成功: 363 	 失败: 1068
第1433组失败	当前进度1433/1806	 成功: 363 	 失败: 1069
第1434组成功	当前进度1434/1806	 成功: 363 	 失败: 1070
第1435组失败	当前进度1435/1806	 成功: 364 	 失败: 1070
第1436组失败	当前进度1436/1806	 成功: 364 	 失败: 1071
第1437组失败	当前进度1437/1806	 成功: 364 	 失败: 1072
第1438组成功	当前进度1438/1806	 成功: 364 	 失败: 1073
第1439组失败	当前进度1439/1806	 成功: 365 	 失败: 1073
第1440组失败	当前进度1440/1806	 成功: 365 	 失败: 1074
第1441组失败	当前进度1441/1806	 成功: 365 	 失败: 1075
第1442组成功	当前进度1442/1806	 成功: 365 	 失败: 1076
第1443组成功	当前进度1443/1806	 成功: 366 	 失败: 1076
第1444组成功	当前进度1444/1806	 成功: 367 	 失败: 1076
第1445组成功	当前进度1445/1806	 成功: 368 	 失败: 1076
第1446组成功	当前进度1446/1806	 成功: 369 	 失败: 1076
第1447组成功	当前进度1447/1806	 成功: 370 	 失败: 1076
第1448组失败	当前进度1448/1806	 成功: 371 	 失败: 1076
第1449组成功	当前进度1449/1806	 成功: 371 	 失败: 1077
第1450组成功	当前进度1450/1806	 成功: 372 	 失败: 1077
第1451组失败	当前进度1451/1806	 成功: 373 	 失败: 1077
第1452组成功	当前进度1452/1806	 成功: 373 	 失败: 1078
第1453组成功	当前进度1453/1806	 成功: 374 	 失败: 1078
第1454组成功	当前进度1454/1806	 成功: 375 	 失败: 1078
第1455组成功	当前进度1455/1806	 成功: 376 	 失败: 1078
第1456组成功	当前进度1456/1806	 成功: 377 	 失败: 1078
第1457组成功	当前进度1457/1806	 成功: 378 	 失败: 1078
第1458组成功	当前进度1458/1806	 成功: 379 	 失败: 1078
第1459组成功	当前进度1459/1806	 成功: 380 	 失败: 1078
第1460组成功	当前进度1460/1806	 成功: 381 	 失败: 1078
第1461组成功	当前进度1461/1806	 成功: 382 	 失败: 1078
第1462组成功	当前进度1462/1806	 成功: 383 	 失败: 1078
第1463组成功	当前进度1463/1806	 成功: 384 	 失败: 1078
第1464组成功	当前进度1464/1806	 成功: 385 	 失败: 1078
第1465组成功	当前进度1465/1806	 成功: 386 	 失败: 1078
第1466组成功	当前进度1466/1806	 成功: 387 	 失败: 1078
第1467组成功	当前进度1467/1806	 成功: 388 	 失败: 1078
第1468组成功	当前进度1468/1806	 成功: 389 	 失败: 1078
第1469组失败	当前进度1469/1806	 成功: 390 	 失败: 1078
第1470组成功	当前进度1470/1806	 成功: 390 	 失败: 1079
第1471组成功	当前进度1471/1806	 成功: 391 	 失败: 1079
第1472组成功	当前进度1472/1806	 成功: 392 	 失败: 1079
第1473组成功	当前进度1473/1806	 成功: 393 	 失败: 1079
第1474组成功	当前进度1474/1806	 成功: 394 	 失败: 1079
第1475组成功	当前进度1475/1806	 成功: 395 	 失败: 1079
第1476组成功	当前进度1476/1806	 成功: 396 	 失败: 1079
第1477组成功	当前进度1477/1806	 成功: 397 	 失败: 1079
第1478组成功	当前进度1478/1806	 成功: 398 	 失败: 1079
第1479组成功	当前进度1479/1806	 成功: 399 	 失败: 1079
第1480组失败	当前进度1480/1806	 成功: 400 	 失败: 1079
第1481组成功	当前进度1481/1806	 成功: 400 	 失败: 1080
第1482组成功	当前进度1482/1806	 成功: 401 	 失败: 1080
第1483组失败	当前进度1483/1806	 成功: 402 	 失败: 1080
第1484组成功	当前进度1484/1806	 成功: 402 	 失败: 1081
第1485组成功	当前进度1485/1806	 成功: 403 	 失败: 1081
第1486组失败	当前进度1486/1806	 成功: 404 	 失败: 1081
第1487组失败	当前进度1487/1806	 成功: 404 	 失败: 1082
第1488组失败	当前进度1488/1806	 成功: 404 	 失败: 1083
第1489组成功	当前进度1489/1806	 成功: 404 	 失败: 1084
第1490组成功	当前进度1490/1806	 成功: 405 	 失败: 1084
第1491组失败	当前进度1491/1806	 成功: 406 	 失败: 1084
第1492组成功	当前进度1492/1806	 成功: 406 	 失败: 1085
第1493组成功	当前进度1493/1806	 成功: 407 	 失败: 1085
第1494组成功	当前进度1494/1806	 成功: 408 	 失败: 1085
第1495组成功	当前进度1495/1806	 成功: 409 	 失败: 1085
第1496组成功	当前进度1496/1806	 成功: 410 	 失败: 1085
第1497组成功	当前进度1497/1806	 成功: 411 	 失败: 1085
第1498组成功	当前进度1498/1806	 成功: 412 	 失败: 1085
第1499组成功	当前进度1499/1806	 成功: 413 	 失败: 1085
第1500组成功	当前进度1500/1806	 成功: 414 	 失败: 1085
第1501组成功	当前进度1501/1806	 成功: 415 	 失败: 1085
第1502组失败	当前进度1502/1806	 成功: 416 	 失败: 1085
第1503组失败	当前进度1503/1806	 成功: 416 	 失败: 1086
第1504组失败	当前进度1504/1806	 成功: 416 	 失败: 1087
第1505组失败	当前进度1505/1806	 成功: 416 	 失败: 1088
第1506组失败	当前进度1506/1806	 成功: 416 	 失败: 1089
第1507组失败	当前进度1507/1806	 成功: 416 	 失败: 1090
第1508组成功	当前进度1508/1806	 成功: 416 	 失败: 1091
第1509组成功	当前进度1509/1806	 成功: 417 	 失败: 1091
第1510组成功	当前进度1510/1806	 成功: 418 	 失败: 1091
第1511组成功	当前进度1511/1806	 成功: 419 	 失败: 1091
第1512组成功	当前进度1512/1806	 成功: 420 	 失败: 1091
第1513组成功	当前进度1513/1806	 成功: 421 	 失败: 1091
第1514组成功	当前进度1514/1806	 成功: 422 	 失败: 1091
第1515组成功	当前进度1515/1806	 成功: 423 	 失败: 1091
第1516组失败	当前进度1516/1806	 成功: 424 	 失败: 1091
第1517组成功	当前进度1517/1806	 成功: 424 	 失败: 1092
第1518组成功	当前进度1518/1806	 成功: 425 	 失败: 1092
第1519组成功	当前进度1519/1806	 成功: 426 	 失败: 1092
第1520组成功	当前进度1520/1806	 成功: 427 	 失败: 1092
第1521组成功	当前进度1521/1806	 成功: 428 	 失败: 1092
第1522组成功	当前进度1522/1806	 成功: 429 	 失败: 1092
第1523组成功	当前进度1523/1806	 成功: 430 	 失败: 1092
第1524组成功	当前进度1524/1806	 成功: 431 	 失败: 1092
第1525组成功	当前进度1525/1806	 成功: 432 	 失败: 1092
第1526组成功	当前进度1526/1806	 成功: 433 	 失败: 1092
第1527组成功	当前进度1527/1806	 成功: 434 	 失败: 1092
第1528组成功	当前进度1528/1806	 成功: 435 	 失败: 1092
第1529组成功	当前进度1529/1806	 成功: 436 	 失败: 1092
第1530组成功	当前进度1530/1806	 成功: 437 	 失败: 1092
第1531组成功	当前进度1531/1806	 成功: 438 	 失败: 1092
第1532组成功	当前进度1532/1806	 成功: 439 	 失败: 1092
第1533组成功	当前进度1533/1806	 成功: 440 	 失败: 1092
第1534组成功	当前进度1534/1806	 成功: 441 	 失败: 1092
第1535组成功	当前进度1535/1806	 成功: 442 	 失败: 1092
第1536组成功	当前进度1536/1806	 成功: 443 	 失败: 1092
第1537组成功	当前进度1537/1806	 成功: 444 	 失败: 1092
第1538组成功	当前进度1538/1806	 成功: 445 	 失败: 1092
第1539组成功	当前进度1539/1806	 成功: 446 	 失败: 1092
第1540组成功	当前进度1540/1806	 成功: 447 	 失败: 1092
第1541组成功	当前进度1541/1806	 成功: 448 	 失败: 1092
第1542组成功	当前进度1542/1806	 成功: 449 	 失败: 1092
第1543组成功	当前进度1543/1806	 成功: 450 	 失败: 1092
第1544组成功	当前进度1544/1806	 成功: 451 	 失败: 1092
第1545组成功	当前进度1545/1806	 成功: 452 	 失败: 1092
第1546组成功	当前进度1546/1806	 成功: 453 	 失败: 1092
第1547组成功	当前进度1547/1806	 成功: 454 	 失败: 1092
第1548组成功	当前进度1548/1806	 成功: 455 	 失败: 1092
第1549组成功	当前进度1549/1806	 成功: 456 	 失败: 1092
第1550组成功	当前进度1550/1806	 成功: 457 	 失败: 1092
第1551组成功	当前进度1551/1806	 成功: 458 	 失败: 1092
第1552组成功	当前进度1552/1806	 成功: 459 	 失败: 1092
第1553组成功	当前进度1553/1806	 成功: 460 	 失败: 1092
第1554组成功	当前进度1554/1806	 成功: 461 	 失败: 1092
第1555组成功	当前进度1555/1806	 成功: 462 	 失败: 1092
第1556组成功	当前进度1556/1806	 成功: 463 	 失败: 1092
第1557组成功	当前进度1557/1806	 成功: 464 	 失败: 1092
第1558组成功	当前进度1558/1806	 成功: 465 	 失败: 1092
第1559组成功	当前进度1559/1806	 成功: 466 	 失败: 1092
第1560组成功	当前进度1560/1806	 成功: 467 	 失败: 1092
第1561组成功	当前进度1561/1806	 成功: 468 	 失败: 1092
第1562组成功	当前进度1562/1806	 成功: 469 	 失败: 1092
第1563组成功	当前进度1563/1806	 成功: 470 	 失败: 1092
第1564组成功	当前进度1564/1806	 成功: 471 	 失败: 1092
第1565组成功	当前进度1565/1806	 成功: 472 	 失败: 1092
第1566组成功	当前进度1566/1806	 成功: 473 	 失败: 1092
第1567组成功	当前进度1567/1806	 成功: 474 	 失败: 1092
第1568组成功	当前进度1568/1806	 成功: 475 	 失败: 1092
第1569组成功	当前进度1569/1806	 成功: 476 	 失败: 1092
第1570组成功	当前进度1570/1806	 成功: 477 	 失败: 1092
第1571组成功	当前进度1571/1806	 成功: 478 	 失败: 1092
第1572组成功	当前进度1572/1806	 成功: 479 	 失败: 1092
第1573组成功	当前进度1573/1806	 成功: 480 	 失败: 1092
第1574组成功	当前进度1574/1806	 成功: 481 	 失败: 1092
第1575组成功	当前进度1575/1806	 成功: 482 	 失败: 1092
第1576组成功	当前进度1576/1806	 成功: 483 	 失败: 1092
第1577组成功	当前进度1577/1806	 成功: 484 	 失败: 1092
第1578组成功	当前进度1578/1806	 成功: 485 	 失败: 1092
第1579组成功	当前进度1579/1806	 成功: 486 	 失败: 1092
第1580组成功	当前进度1580/1806	 成功: 487 	 失败: 1092
第1581组成功	当前进度1581/1806	 成功: 488 	 失败: 1092
第1582组成功	当前进度1582/1806	 成功: 489 	 失败: 1092
第1583组成功	当前进度1583/1806	 成功: 490 	 失败: 1092
第1584组成功	当前进度1584/1806	 成功: 491 	 失败: 1092
第1585组成功	当前进度1585/1806	 成功: 492 	 失败: 1092
第1586组失败	当前进度1586/1806	 成功: 493 	 失败: 1092
第1587组成功	当前进度1587/1806	 成功: 493 	 失败: 1093
第1588组成功	当前进度1588/1806	 成功: 494 	 失败: 1093
第1589组成功	当前进度1589/1806	 成功: 495 	 失败: 1093
第1590组失败	当前进度1590/1806	 成功: 496 	 失败: 1093
第1591组成功	当前进度1591/1806	 成功: 496 	 失败: 1094
第1592组失败	当前进度1592/1806	 成功: 497 	 失败: 1094
第1593组成功	当前进度1593/1806	 成功: 497 	 失败: 1095
第1594组成功	当前进度1594/1806	 成功: 498 	 失败: 1095
第1595组失败	当前进度1595/1806	 成功: 499 	 失败: 1095
第1596组成功	当前进度1596/1806	 成功: 499 	 失败: 1096
第1597组成功	当前进度1597/1806	 成功: 500 	 失败: 1096
第1598组成功	当前进度1598/1806	 成功: 501 	 失败: 1096
第1599组失败	当前进度1599/1806	 成功: 502 	 失败: 1096
第1600组失败	当前进度1600/1806	 成功: 502 	 失败: 1097
第1601组成功	当前进度1601/1806	 成功: 502 	 失败: 1098
第1602组失败	当前进度1602/1806	 成功: 503 	 失败: 1098
第1603组成功	当前进度1603/1806	 成功: 503 	 失败: 1099
第1604组成功	当前进度1604/1806	 成功: 504 	 失败: 1099
第1605组成功	当前进度1605/1806	 成功: 505 	 失败: 1099
第1606组成功	当前进度1606/1806	 成功: 506 	 失败: 1099
第1607组成功	当前进度1607/1806	 成功: 507 	 失败: 1099
第1608组成功	当前进度1608/1806	 成功: 508 	 失败: 1099
第1609组成功	当前进度1609/1806	 成功: 509 	 失败: 1099
第1610组成功	当前进度1610/1806	 成功: 510 	 失败: 1099
第1611组成功	当前进度1611/1806	 成功: 511 	 失败: 1099
第1612组成功	当前进度1612/1806	 成功: 512 	 失败: 1099
第1613组成功	当前进度1613/1806	 成功: 513 	 失败: 1099
第1614组成功	当前进度1614/1806	 成功: 514 	 失败: 1099
第1615组成功	当前进度1615/1806	 成功: 515 	 失败: 1099
第1616组成功	当前进度1616/1806	 成功: 516 	 失败: 1099
第1617组成功	当前进度1617/1806	 成功: 517 	 失败: 1099
第1618组成功	当前进度1618/1806	 成功: 518 	 失败: 1099
第1619组成功	当前进度1619/1806	 成功: 519 	 失败: 1099
第1620组成功	当前进度1620/1806	 成功: 520 	 失败: 1099
第1621组成功	当前进度1621/1806	 成功: 521 	 失败: 1099
第1622组成功	当前进度1622/1806	 成功: 522 	 失败: 1099
第1623组成功	当前进度1623/1806	 成功: 523 	 失败: 1099
第1624组成功	当前进度1624/1806	 成功: 524 	 失败: 1099
第1625组成功	当前进度1625/1806	 成功: 525 	 失败: 1099
第1626组成功	当前进度1626/1806	 成功: 526 	 失败: 1099
第1627组成功	当前进度1627/1806	 成功: 527 	 失败: 1099
第1628组成功	当前进度1628/1806	 成功: 528 	 失败: 1099
第1629组成功	当前进度1629/1806	 成功: 529 	 失败: 1099
第1630组成功	当前进度1630/1806	 成功: 530 	 失败: 1099
第1631组成功	当前进度1631/1806	 成功: 531 	 失败: 1099
第1632组成功	当前进度1632/1806	 成功: 532 	 失败: 1099
第1633组成功	当前进度1633/1806	 成功: 533 	 失败: 1099
第1634组成功	当前进度1634/1806	 成功: 534 	 失败: 1099
第1635组成功	当前进度1635/1806	 成功: 535 	 失败: 1099
第1636组成功	当前进度1636/1806	 成功: 536 	 失败: 1099
第1637组成功	当前进度1637/1806	 成功: 537 	 失败: 1099
第1638组成功	当前进度1638/1806	 成功: 538 	 失败: 1099
第1639组成功	当前进度1639/1806	 成功: 539 	 失败: 1099
第1640组成功	当前进度1640/1806	 成功: 540 	 失败: 1099
第1641组成功	当前进度1641/1806	 成功: 541 	 失败: 1099
第1642组成功	当前进度1642/1806	 成功: 542 	 失败: 1099
第1643组成功	当前进度1643/1806	 成功: 543 	 失败: 1099
第1644组成功	当前进度1644/1806	 成功: 544 	 失败: 1099
第1645组成功	当前进度1645/1806	 成功: 545 	 失败: 1099
第1646组成功	当前进度1646/1806	 成功: 546 	 失败: 1099
第1647组成功	当前进度1647/1806	 成功: 547 	 失败: 1099
第1648组成功	当前进度1648/1806	 成功: 548 	 失败: 1099
第1649组成功	当前进度1649/1806	 成功: 549 	 失败: 1099
第1650组成功	当前进度1650/1806	 成功: 550 	 失败: 1099
第1651组成功	当前进度1651/1806	 成功: 551 	 失败: 1099
第1652组成功	当前进度1652/1806	 成功: 552 	 失败: 1099
第1653组成功	当前进度1653/1806	 成功: 553 	 失败: 1099
第1654组成功	当前进度1654/1806	 成功: 554 	 失败: 1099
第1655组成功	当前进度1655/1806	 成功: 555 	 失败: 1099
第1656组成功	当前进度1656/1806	 成功: 556 	 失败: 1099
第1657组成功	当前进度1657/1806	 成功: 557 	 失败: 1099
第1658组成功	当前进度1658/1806	 成功: 558 	 失败: 1099
第1659组成功	当前进度1659/1806	 成功: 559 	 失败: 1099
第1660组成功	当前进度1660/1806	 成功: 560 	 失败: 1099
第1661组成功	当前进度1661/1806	 成功: 561 	 失败: 1099
第1662组成功	当前进度1662/1806	 成功: 562 	 失败: 1099
第1663组成功	当前进度1663/1806	 成功: 563 	 失败: 1099
第1664组成功	当前进度1664/1806	 成功: 564 	 失败: 1099
第1665组成功	当前进度1665/1806	 成功: 565 	 失败: 1099
第1666组成功	当前进度1666/1806	 成功: 566 	 失败: 1099
第1667组成功	当前进度1667/1806	 成功: 567 	 失败: 1099
第1668组成功	当前进度1668/1806	 成功: 568 	 失败: 1099
第1669组成功	当前进度1669/1806	 成功: 569 	 失败: 1099
第1670组成功	当前进度1670/1806	 成功: 570 	 失败: 1099
第1671组成功	当前进度1671/1806	 成功: 571 	 失败: 1099
第1672组成功	当前进度1672/1806	 成功: 572 	 失败: 1099
第1673组成功	当前进度1673/1806	 成功: 573 	 失败: 1099
第1674组成功	当前进度1674/1806	 成功: 574 	 失败: 1099
第1675组成功	当前进度1675/1806	 成功: 575 	 失败: 1099
第1676组成功	当前进度1676/1806	 成功: 576 	 失败: 1099
第1677组成功	当前进度1677/1806	 成功: 577 	 失败: 1099
第1678组成功	当前进度1678/1806	 成功: 578 	 失败: 1099
第1679组成功	当前进度1679/1806	 成功: 579 	 失败: 1099
第1680组成功	当前进度1680/1806	 成功: 580 	 失败: 1099
第1681组成功	当前进度1681/1806	 成功: 581 	 失败: 1099
第1682组成功	当前进度1682/1806	 成功: 582 	 失败: 1099
第1683组成功	当前进度1683/1806	 成功: 583 	 失败: 1099
第1684组成功	当前进度1684/1806	 成功: 584 	 失败: 1099
第1685组成功	当前进度1685/1806	 成功: 585 	 失败: 1099
第1686组成功	当前进度1686/1806	 成功: 586 	 失败: 1099
第1687组成功	当前进度1687/1806	 成功: 587 	 失败: 1099
第1688组成功	当前进度1688/1806	 成功: 588 	 失败: 1099
第1689组成功	当前进度1689/1806	 成功: 589 	 失败: 1099
第1690组成功	当前进度1690/1806	 成功: 590 	 失败: 1099
第1691组成功	当前进度1691/1806	 成功: 591 	 失败: 1099
第1692组成功	当前进度1692/1806	 成功: 592 	 失败: 1099
第1693组成功	当前进度1693/1806	 成功: 593 	 失败: 1099
第1694组成功	当前进度1694/1806	 成功: 594 	 失败: 1099
第1695组成功	当前进度1695/1806	 成功: 595 	 失败: 1099
第1696组成功	当前进度1696/1806	 成功: 596 	 失败: 1099
第1697组成功	当前进度1697/1806	 成功: 597 	 失败: 1099
第1698组成功	当前进度1698/1806	 成功: 598 	 失败: 1099
第1699组成功	当前进度1699/1806	 成功: 599 	 失败: 1099
第1700组成功	当前进度1700/1806	 成功: 600 	 失败: 1099
第1701组成功	当前进度1701/1806	 成功: 601 	 失败: 1099
第1702组成功	当前进度1702/1806	 成功: 602 	 失败: 1099
第1703组成功	当前进度1703/1806	 成功: 603 	 失败: 1099
第1704组成功	当前进度1704/1806	 成功: 604 	 失败: 1099
第1705组成功	当前进度1705/1806	 成功: 605 	 失败: 1099
第1706组成功	当前进度1706/1806	 成功: 606 	 失败: 1099
第1707组成功	当前进度1707/1806	 成功: 607 	 失败: 1099
第1708组成功	当前进度1708/1806	 成功: 608 	 失败: 1099
第1709组成功	当前进度1709/1806	 成功: 609 	 失败: 1099
第1710组成功	当前进度1710/1806	 成功: 610 	 失败: 1099
第1711组成功	当前进度1711/1806	 成功: 611 	 失败: 1099
第1712组成功	当前进度1712/1806	 成功: 612 	 失败: 1099
第1713组成功	当前进度1713/1806	 成功: 613 	 失败: 1099
第1714组成功	当前进度1714/1806	 成功: 614 	 失败: 1099
第1715组成功	当前进度1715/1806	 成功: 615 	 失败: 1099
第1716组成功	当前进度1716/1806	 成功: 616 	 失败: 1099
第1717组成功	当前进度1717/1806	 成功: 617 	 失败: 1099
第1718组成功	当前进度1718/1806	 成功: 618 	 失败: 1099
第1719组成功	当前进度1719/1806	 成功: 619 	 失败: 1099
第1720组成功	当前进度1720/1806	 成功: 620 	 失败: 1099
第1721组成功	当前进度1721/1806	 成功: 621 	 失败: 1099
第1722组成功	当前进度1722/1806	 成功: 622 	 失败: 1099
第1723组成功	当前进度1723/1806	 成功: 623 	 失败: 1099
第1724组成功	当前进度1724/1806	 成功: 624 	 失败: 1099
第1725组失败	当前进度1725/1806	 成功: 625 	 失败: 1099
第1726组失败	当前进度1726/1806	 成功: 625 	 失败: 1100
第1727组失败	当前进度1727/1806	 成功: 625 	 失败: 1101
第1728组成功	当前进度1728/1806	 成功: 625 	 失败: 1102
第1729组成功	当前进度1729/1806	 成功: 626 	 失败: 1102
第1730组成功	当前进度1730/1806	 成功: 627 	 失败: 1102
第1731组成功	当前进度1731/1806	 成功: 628 	 失败: 1102
第1732组失败	当前进度1732/1806	 成功: 629 	 失败: 1102
第1733组失败	当前进度1733/1806	 成功: 629 	 失败: 1103
第1734组失败	当前进度1734/1806	 成功: 629 	 失败: 1104
第1735组失败	当前进度1735/1806	 成功: 629 	 失败: 1105
第1736组失败	当前进度1736/1806	 成功: 629 	 失败: 1106
第1737组失败	当前进度1737/1806	 成功: 629 	 失败: 1107
第1738组失败	当前进度1738/1806	 成功: 629 	 失败: 1108
第1739组失败	当前进度1739/1806	 成功: 629 	 失败: 1109
第1740组失败	当前进度1740/1806	 成功: 629 	 失败: 1110
第1741组失败	当前进度1741/1806	 成功: 629 	 失败: 1111
第1742组失败	当前进度1742/1806	 成功: 629 	 失败: 1112
第1743组失败	当前进度1743/1806	 成功: 629 	 失败: 1113
第1744组失败	当前进度1744/1806	 成功: 629 	 失败: 1114
第1745组失败	当前进度1745/1806	 成功: 629 	 失败: 1115
第1746组失败	当前进度1746/1806	 成功: 629 	 失败: 1116
第1747组失败	当前进度1747/1806	 成功: 629 	 失败: 1117
第1748组失败	当前进度1748/1806	 成功: 629 	 失败: 1118
第1749组失败	当前进度1749/1806	 成功: 629 	 失败: 1119
第1750组失败	当前进度1750/1806	 成功: 629 	 失败: 1120
第1751组失败	当前进度1751/1806	 成功: 629 	 失败: 1121
第1752组失败	当前进度1752/1806	 成功: 629 	 失败: 1122
第1753组失败	当前进度1753/1806	 成功: 629 	 失败: 1123
第1754组失败	当前进度1754/1806	 成功: 629 	 失败: 1124
第1755组失败	当前进度1755/1806	 成功: 629 	 失败: 1125
第1756组失败	当前进度1756/1806	 成功: 629 	 失败: 1126
第1757组失败	当前进度1757/1806	 成功: 629 	 失败: 1127
第1758组失败	当前进度1758/1806	 成功: 629 	 失败: 1128
第1759组失败	当前进度1759/1806	 成功: 629 	 失败: 1129
第1760组失败	当前进度1760/1806	 成功: 629 	 失败: 1130
第1761组失败	当前进度1761/1806	 成功: 629 	 失败: 1131
第1762组失败	当前进度1762/1806	 成功: 629 	 失败: 1132
第1763组失败	当前进度1763/1806	 成功: 629 	 失败: 1133
第1764组失败	当前进度1764/1806	 成功: 629 	 失败: 1134
第1765组失败	当前进度1765/1806	 成功: 629 	 失败: 1135
第1766组失败	当前进度1766/1806	 成功: 629 	 失败: 1136
第1767组失败	当前进度1767/1806	 成功: 629 	 失败: 1137
第1768组失败	当前进度1768/1806	 成功: 629 	 失败: 1138
第1769组失败	当前进度1769/1806	 成功: 629 	 失败: 1139
第1770组失败	当前进度1770/1806	 成功: 629 	 失败: 1140
第1771组失败	当前进度1771/1806	 成功: 629 	 失败: 1141
第1772组失败	当前进度1772/1806	 成功: 629 	 失败: 1142
第1773组失败	当前进度1773/1806	 成功: 629 	 失败: 1143
第1774组失败	当前进度1774/1806	 成功: 629 	 失败: 1144
第1775组失败	当前进度1775/1806	 成功: 629 	 失败: 1145
第1776组失败	当前进度1776/1806	 成功: 629 	 失败: 1146
第1777组失败	当前进度1777/1806	 成功: 629 	 失败: 1147
第1778组失败	当前进度1778/1806	 成功: 629 	 失败: 1148
第1779组失败	当前进度1779/1806	 成功: 629 	 失败: 1149
第1780组失败	当前进度1780/1806	 成功: 629 	 失败: 1150
第1781组失败	当前进度1781/1806	 成功: 629 	 失败: 1151
第1782组失败	当前进度1782/1806	 成功: 629 	 失败: 1152
第1783组失败	当前进度1783/1806	 成功: 629 	 失败: 1153
第1784组失败	当前进度1784/1806	 成功: 629 	 失败: 1154
第1785组失败	当前进度1785/1806	 成功: 629 	 失败: 1155
第1786组失败	当前进度1786/1806	 成功: 629 	 失败: 1156
第1787组失败	当前进度1787/1806	 成功: 629 	 失败: 1157
第1788组失败	当前进度1788/1806	 成功: 629 	 失败: 1158
第1789组失败	当前进度1789/1806	 成功: 629 	 失败: 1159
第1790组失败	当前进度1790/1806	 成功: 629 	 失败: 1160
第1791组失败	当前进度1791/1806	 成功: 629 	 失败: 1161
第1792组失败	当前进度1792/1806	 成功: 629 	 失败: 1162
第1793组失败	当前进度1793/1806	 成功: 629 	 失败: 1163
第1794组失败	当前进度1794/1806	 成功: 629 	 失败: 1164
第1795组失败	当前进度1795/1806	 成功: 629 	 失败: 1165
第1796组失败	当前进度1796/1806	 成功: 629 	 失败: 1166
第1797组失败	当前进度1797/1806	 成功: 629 	 失败: 1167
第1798组失败	当前进度1798/1806	 成功: 629 	 失败: 1168
第1799组失败	当前进度1799/1806	 成功: 629 	 失败: 1169
第1800组失败	当前进度1800/1806	 成功: 629 	 失败: 1170
第1801组失败	当前进度1801/1806	 成功: 629 	 失败: 1171
第1802组失败	当前进度1802/1806	 成功: 629 	 失败: 1172
第1803组失败	当前进度1803/1806	 成功: 629 	 失败: 1173
第1804组失败	当前进度1804/1806	 成功: 629 	 失败: 1174
第1805组失败	当前进度1805/1806	 成功: 629 	 失败: 1175
第1806组失败	当前进度1806/1806	 成功: 629 	 失败: 1176
输入要执行的文件号：Traceback (most recent call last):
  File "/usr/work/igem-tjusx/find-better.py", line 5, in <module>
    f_n=input('输入要执行的文件号：')
OSError: [Errno 9] Bad file descriptor
